生成启动时间为 2016/2/17 17:18:52。
     1>项目“F:\DragonWork\code\server\Dragon\launcher\Launcher.vcxproj”在节点 2 上(rebuild 个目标)。
     1>_PrepareForClean:
         正在删除文件“.\Debug\Launcher.lastbuildstate”。
     1>C:\Program Files (x86)\MSBuild\Microsoft.Cpp\v4.0\Microsoft.CppBuild.targets(298,5): warning MSB8004: Intermediate 目录未以斜杠结尾。此生成实例将添加斜杠，因为必须有这个斜杠才能正确计算 Intermediate 目录。
     1>C:\Program Files (x86)\MSBuild\Microsoft.Cpp\v4.0\Microsoft.CppBuild.targets(299,5): warning MSB8004: Output 目录未以斜杠结尾。此生成实例将添加斜杠，因为必须有这个斜杠才能正确计算 Output 目录。
       InitializeBuildStatus:
         正在创建“.\Debug\Launcher.unsuccessfulbuild”，因为已指定“AlwaysCreate”。
       ClCompile:
         c:\Program Files (x86)\Microsoft Visual Studio 10.0\VC\bin\CL.exe /c /I. /ICore /ZI /nologo /W4 /WX- /Od /Oy- /D WIN32 /D _WINDOWS /D _DEBUG /D _MBCS /Gm- /EHsc /RTC1 /MTd /GS /fp:precise /Zc:wchar_t /Zc:forScope /Yc"StdAfx.h" /Fp".\Debug\Launcher.pch" /Fo".\Debug\\" /Fd".\Debug\vc100.pdb" /Gd /TP /analyze- /errorReport:prompt stdafx.cpp
         stdafx.cpp
         c:\Program Files (x86)\Microsoft Visual Studio 10.0\VC\bin\CL.exe /c /I. /ICore /ZI /nologo /W4 /WX- /Od /Oy- /D WIN32 /D _WINDOWS /D _DEBUG /D _MBCS /Gm- /EHsc /RTC1 /MTd /GS /fp:precise /Zc:wchar_t /Zc:forScope /Fo".\Debug\\" /Fd".\Debug\vc100.pdb" /Gd /TP /analyze- /errorReport:prompt Core\StandardDialog.cpp Core\TranslucentDialog.cpp Core\WebPage.cpp FileMgr.cpp GameDlg.cpp LaucherStandardDlg.cpp LaucherTranslucentDlg.cpp Launcher.cpp Ui\SkinDialog.cpp Ui\SkinProgress.cpp Ui\SkinProgressEx.cpp Ui\webbrowser.cpp Ui\WebBrowserEx.cpp Ui\xSkinButton.cpp update\Downloader.cpp update\Patch.cpp update\PortScanner.cpp util\XUnzip.cpp
         StandardDialog.cpp
         TranslucentDialog.cpp
     1>f:\dragonwork\code\server\dragon\launcher\core\translucentdialog.cpp(110): warning C4100: “pDC”: 未引用的形参
     1>f:\dragonwork\code\server\dragon\launcher\core\translucentdialog.cpp(265): warning C4100: “translucentWnd”: 未引用的形参
         WebPage.cpp
     1>f:\dragonwork\code\server\dragon\launcher\core\webpage.cpp(116): warning C4996: 'strtok': This function or variable may be unsafe. Consider using strtok_s instead. To disable deprecation, use _CRT_SECURE_NO_WARNINGS. See online help for details.
                 c:\program files (x86)\microsoft visual studio 10.0\vc\include\string.h(197) : 参见“strtok”的声明
     1>f:\dragonwork\code\server\dragon\launcher\core\webpage.cpp(120): warning C4996: 'strtok': This function or variable may be unsafe. Consider using strtok_s instead. To disable deprecation, use _CRT_SECURE_NO_WARNINGS. See online help for details.
                 c:\program files (x86)\microsoft visual studio 10.0\vc\include\string.h(197) : 参见“strtok”的声明
     1>f:\dragonwork\code\server\dragon\launcher\core\webpage.cpp(158): warning C4101: “e”: 未引用的局部变量
         FileMgr.cpp
     1>f:\dragonwork\code\server\dragon\launcher\filemgr.cpp(117): warning C4996: 'strcpy': This function or variable may be unsafe. Consider using strcpy_s instead. To disable deprecation, use _CRT_SECURE_NO_WARNINGS. See online help for details.
                 c:\program files (x86)\microsoft visual studio 10.0\vc\include\string.h(105) : 参见“strcpy”的声明
     1>f:\dragonwork\code\server\dragon\launcher\filemgr.cpp(144): warning C4996: 'sprintf': This function or variable may be unsafe. Consider using sprintf_s instead. To disable deprecation, use _CRT_SECURE_NO_WARNINGS. See online help for details.
                 c:\program files (x86)\microsoft visual studio 10.0\vc\include\stdio.h(371) : 参见“sprintf”的声明
     1>f:\dragonwork\code\server\dragon\launcher\filemgr.cpp(153): warning C4996: 'strcpy': This function or variable may be unsafe. Consider using strcpy_s instead. To disable deprecation, use _CRT_SECURE_NO_WARNINGS. See online help for details.
                 c:\program files (x86)\microsoft visual studio 10.0\vc\include\string.h(105) : 参见“strcpy”的声明
     1>f:\dragonwork\code\server\dragon\launcher\filemgr.cpp(154): warning C4996: 'strcpy': This function or variable may be unsafe. Consider using strcpy_s instead. To disable deprecation, use _CRT_SECURE_NO_WARNINGS. See online help for details.
                 c:\program files (x86)\microsoft visual studio 10.0\vc\include\string.h(105) : 参见“strcpy”的声明
     1>f:\dragonwork\code\server\dragon\launcher\filemgr.cpp(159): warning C4996: 'strcpy': This function or variable may be unsafe. Consider using strcpy_s instead. To disable deprecation, use _CRT_SECURE_NO_WARNINGS. See online help for details.
                 c:\program files (x86)\microsoft visual studio 10.0\vc\include\string.h(105) : 参见“strcpy”的声明
     1>f:\dragonwork\code\server\dragon\launcher\filemgr.cpp(160): warning C4996: 'strcpy': This function or variable may be unsafe. Consider using strcpy_s instead. To disable deprecation, use _CRT_SECURE_NO_WARNINGS. See online help for details.
                 c:\program files (x86)\microsoft visual studio 10.0\vc\include\string.h(105) : 参见“strcpy”的声明
     1>f:\dragonwork\code\server\dragon\launcher\filemgr.cpp(163): warning C4996: 'strcpy': This function or variable may be unsafe. Consider using strcpy_s instead. To disable deprecation, use _CRT_SECURE_NO_WARNINGS. See online help for details.
                 c:\program files (x86)\microsoft visual studio 10.0\vc\include\string.h(105) : 参见“strcpy”的声明
     1>f:\dragonwork\code\server\dragon\launcher\filemgr.cpp(165): warning C4996: 'strcpy': This function or variable may be unsafe. Consider using strcpy_s instead. To disable deprecation, use _CRT_SECURE_NO_WARNINGS. See online help for details.
                 c:\program files (x86)\microsoft visual studio 10.0\vc\include\string.h(105) : 参见“strcpy”的声明
     1>f:\dragonwork\code\server\dragon\launcher\filemgr.cpp(167): warning C4996: 'strcpy': This function or variable may be unsafe. Consider using strcpy_s instead. To disable deprecation, use _CRT_SECURE_NO_WARNINGS. See online help for details.
                 c:\program files (x86)\microsoft visual studio 10.0\vc\include\string.h(105) : 参见“strcpy”的声明
     1>f:\dragonwork\code\server\dragon\launcher\filemgr.cpp(170): warning C4996: 'strcpy': This function or variable may be unsafe. Consider using strcpy_s instead. To disable deprecation, use _CRT_SECURE_NO_WARNINGS. See online help for details.
                 c:\program files (x86)\microsoft visual studio 10.0\vc\include\string.h(105) : 参见“strcpy”的声明
     1>f:\dragonwork\code\server\dragon\launcher\filemgr.cpp(171): warning C4996: 'strcpy': This function or variable may be unsafe. Consider using strcpy_s instead. To disable deprecation, use _CRT_SECURE_NO_WARNINGS. See online help for details.
                 c:\program files (x86)\microsoft visual studio 10.0\vc\include\string.h(105) : 参见“strcpy”的声明
     1>f:\dragonwork\code\server\dragon\launcher\filemgr.cpp(172): warning C4996: 'strcpy': This function or variable may be unsafe. Consider using strcpy_s instead. To disable deprecation, use _CRT_SECURE_NO_WARNINGS. See online help for details.
                 c:\program files (x86)\microsoft visual studio 10.0\vc\include\string.h(105) : 参见“strcpy”的声明
     1>f:\dragonwork\code\server\dragon\launcher\filemgr.cpp(173): warning C4996: 'strcpy': This function or variable may be unsafe. Consider using strcpy_s instead. To disable deprecation, use _CRT_SECURE_NO_WARNINGS. See online help for details.
                 c:\program files (x86)\microsoft visual studio 10.0\vc\include\string.h(105) : 参见“strcpy”的声明
     1>f:\dragonwork\code\server\dragon\launcher\filemgr.cpp(196): warning C4996: 'sprintf': This function or variable may be unsafe. Consider using sprintf_s instead. To disable deprecation, use _CRT_SECURE_NO_WARNINGS. See online help for details.
                 c:\program files (x86)\microsoft visual studio 10.0\vc\include\stdio.h(371) : 参见“sprintf”的声明
     1>f:\dragonwork\code\server\dragon\launcher\filemgr.cpp(197): warning C4996: 'strcpy': This function or variable may be unsafe. Consider using strcpy_s instead. To disable deprecation, use _CRT_SECURE_NO_WARNINGS. See online help for details.
                 c:\program files (x86)\microsoft visual studio 10.0\vc\include\string.h(105) : 参见“strcpy”的声明
     1>f:\dragonwork\code\server\dragon\launcher\filemgr.cpp(212): warning C4996: 'sprintf': This function or variable may be unsafe. Consider using sprintf_s instead. To disable deprecation, use _CRT_SECURE_NO_WARNINGS. See online help for details.
                 c:\program files (x86)\microsoft visual studio 10.0\vc\include\stdio.h(371) : 参见“sprintf”的声明
     1>f:\dragonwork\code\server\dragon\launcher\filemgr.cpp(213): warning C4996: 'strcpy': This function or variable may be unsafe. Consider using strcpy_s instead. To disable deprecation, use _CRT_SECURE_NO_WARNINGS. See online help for details.
                 c:\program files (x86)\microsoft visual studio 10.0\vc\include\string.h(105) : 参见“strcpy”的声明
     1>f:\dragonwork\code\server\dragon\launcher\filemgr.cpp(227): warning C4996: 'sprintf': This function or variable may be unsafe. Consider using sprintf_s instead. To disable deprecation, use _CRT_SECURE_NO_WARNINGS. See online help for details.
                 c:\program files (x86)\microsoft visual studio 10.0\vc\include\stdio.h(371) : 参见“sprintf”的声明
     1>f:\dragonwork\code\server\dragon\launcher\filemgr.cpp(244): warning C4996: 'sprintf': This function or variable may be unsafe. Consider using sprintf_s instead. To disable deprecation, use _CRT_SECURE_NO_WARNINGS. See online help for details.
                 c:\program files (x86)\microsoft visual studio 10.0\vc\include\stdio.h(371) : 参见“sprintf”的声明
     1>f:\dragonwork\code\server\dragon\launcher\filemgr.cpp(252): warning C4996: 'strncpy': This function or variable may be unsafe. Consider using strncpy_s instead. To disable deprecation, use _CRT_SECURE_NO_WARNINGS. See online help for details.
                 c:\program files (x86)\microsoft visual studio 10.0\vc\include\string.h(188) : 参见“strncpy”的声明
     1>f:\dragonwork\code\server\dragon\launcher\filemgr.cpp(253): warning C4996: 'strncpy': This function or variable may be unsafe. Consider using strncpy_s instead. To disable deprecation, use _CRT_SECURE_NO_WARNINGS. See online help for details.
                 c:\program files (x86)\microsoft visual studio 10.0\vc\include\string.h(188) : 参见“strncpy”的声明
     1>f:\dragonwork\code\server\dragon\launcher\filemgr.cpp(254): warning C4996: 'strncpy': This function or variable may be unsafe. Consider using strncpy_s instead. To disable deprecation, use _CRT_SECURE_NO_WARNINGS. See online help for details.
                 c:\program files (x86)\microsoft visual studio 10.0\vc\include\string.h(188) : 参见“strncpy”的声明
     1>f:\dragonwork\code\server\dragon\launcher\filemgr.cpp(286): warning C4244: “return”: 从“double”转换到“float”，可能丢失数据
     1>f:\dragonwork\code\server\dragon\launcher\filemgr.cpp(315): warning C4101: “buff”: 未引用的局部变量
     1>f:\dragonwork\code\server\dragon\launcher\filemgr.cpp(336): warning C4101: “buff”: 未引用的局部变量
     1>f:\dragonwork\code\server\dragon\launcher\filemgr.cpp(374): warning C4101: “buff”: 未引用的局部变量
     1>f:\dragonwork\code\server\dragon\launcher\filemgr.cpp(406): warning C4101: “buff”: 未引用的局部变量
         GameDlg.cpp
     1>f:\dragonwork\code\server\dragon\launcher\ui\webbrowser.h(90): warning C4100: “pContext”: 未引用的形参
     1>f:\dragonwork\code\server\dragon\launcher\ui\webbrowser.h(86): warning C4100: “lpszClassName”: 未引用的形参
     1>f:\dragonwork\code\server\dragon\launcher\ui\webuicontroler.h(110): warning C4100: “pctinfo”: 未引用的形参
     1>f:\dragonwork\code\server\dragon\launcher\ui\webuicontroler.h(118): warning C4100: “ppTInfo”: 未引用的形参
     1>f:\dragonwork\code\server\dragon\launcher\ui\webuicontroler.h(117): warning C4100: “lcid”: 未引用的形参
     1>f:\dragonwork\code\server\dragon\launcher\ui\webuicontroler.h(116): warning C4100: “iTInfo”: 未引用的形参
     1>f:\dragonwork\code\server\dragon\launcher\ui\webuicontroler.h(129): warning C4100: “rgDispId”: 未引用的形参
     1>f:\dragonwork\code\server\dragon\launcher\ui\webuicontroler.h(127): warning C4100: “lcid”: 未引用的形参
     1>f:\dragonwork\code\server\dragon\launcher\ui\webuicontroler.h(126): warning C4100: “cNames”: 未引用的形参
     1>f:\dragonwork\code\server\dragon\launcher\ui\webuicontroler.h(125): warning C4100: “rgszNames”: 未引用的形参
     1>f:\dragonwork\code\server\dragon\launcher\ui\webuicontroler.h(124): warning C4100: “riid”: 未引用的形参
     1>f:\dragonwork\code\server\dragon\launcher\ui\webuicontroler.h(152): warning C4100: “puArgErr”: 未引用的形参
     1>f:\dragonwork\code\server\dragon\launcher\ui\webuicontroler.h(150): warning C4100: “pExcepInfo”: 未引用的形参
     1>f:\dragonwork\code\server\dragon\launcher\ui\webuicontroler.h(149): warning C4100: “pVarResult”: 未引用的形参
     1>f:\dragonwork\code\server\dragon\launcher\ui\webuicontroler.h(148): warning C4100: “pDispParams”: 未引用的形参
     1>f:\dragonwork\code\server\dragon\launcher\ui\webuicontroler.h(147): warning C4100: “wFlags”: 未引用的形参
     1>f:\dragonwork\code\server\dragon\launcher\ui\webuicontroler.h(146): warning C4100: “lcid”: 未引用的形参
     1>f:\dragonwork\code\server\dragon\launcher\ui\webuicontroler.h(145): warning C4100: “riid”: 未引用的形参
     1>f:\dragonwork\code\server\dragon\launcher\ui\webuicontroler.h(144): warning C4100: “dispIdMember”: 未引用的形参
     1>f:\dragonwork\code\server\dragon\launcher\ui\webuicontroler.h(242): warning C4100: “pctinfo”: 未引用的形参
     1>f:\dragonwork\code\server\dragon\launcher\ui\webuicontroler.h(247): warning C4100: “pptinfo”: 未引用的形参
     1>f:\dragonwork\code\server\dragon\launcher\ui\webuicontroler.h(247): warning C4100: “lcid”: 未引用的形参
     1>f:\dragonwork\code\server\dragon\launcher\ui\webuicontroler.h(247): warning C4100: “itinfo”: 未引用的形参
     1>f:\dragonwork\code\server\dragon\launcher\ui\webuicontroler.h(254): warning C4100: “rgDispId”: 未引用的形参
     1>f:\dragonwork\code\server\dragon\launcher\ui\webuicontroler.h(254): warning C4100: “lcid”: 未引用的形参
     1>f:\dragonwork\code\server\dragon\launcher\ui\webuicontroler.h(254): warning C4100: “cNames”: 未引用的形参
     1>f:\dragonwork\code\server\dragon\launcher\ui\webuicontroler.h(253): warning C4100: “rgszNames”: 未引用的形参
     1>f:\dragonwork\code\server\dragon\launcher\ui\webuicontroler.h(253): warning C4100: “riid”: 未引用的形参
     1>f:\dragonwork\code\server\dragon\launcher\ui\webuicontroler.h(261): warning C4100: “puArgErr”: 未引用的形参
     1>f:\dragonwork\code\server\dragon\launcher\ui\webuicontroler.h(261): warning C4100: “pexcepinfo”: 未引用的形参
     1>f:\dragonwork\code\server\dragon\launcher\ui\webuicontroler.h(260): warning C4100: “pvarResult”: 未引用的形参
     1>f:\dragonwork\code\server\dragon\launcher\ui\webuicontroler.h(259): warning C4100: “wFlags”: 未引用的形参
     1>f:\dragonwork\code\server\dragon\launcher\ui\webuicontroler.h(259): warning C4100: “lcid”: 未引用的形参
     1>f:\dragonwork\code\server\dragon\launcher\ui\webuicontroler.h(259): warning C4100: “riid”: 未引用的形参
     1>f:\dragonwork\code\server\dragon\launcher\ui\webuicontroler.h(296): warning C4100: “pdispReserved”: 未引用的形参
     1>f:\dragonwork\code\server\dragon\launcher\ui\webuicontroler.h(295): warning C4100: “pcmdtReserved”: 未引用的形参
     1>f:\dragonwork\code\server\dragon\launcher\ui\webuicontroler.h(295): warning C4100: “ppt”: 未引用的形参
     1>f:\dragonwork\code\server\dragon\launcher\ui\webuicontroler.h(295): warning C4100: “dwID”: 未引用的形参
     1>f:\dragonwork\code\server\dragon\launcher\ui\webuicontroler.h(316): warning C4100: “pDoc”: 未引用的形参
     1>f:\dragonwork\code\server\dragon\launcher\ui\webuicontroler.h(315): warning C4100: “pFrame”: 未引用的形参
     1>f:\dragonwork\code\server\dragon\launcher\ui\webuicontroler.h(314): warning C4100: “pCommandTarget”: 未引用的形参
     1>f:\dragonwork\code\server\dragon\launcher\ui\webuicontroler.h(313): warning C4100: “pActiveObject”: 未引用的形参
     1>f:\dragonwork\code\server\dragon\launcher\ui\webuicontroler.h(313): warning C4100: “dwID”: 未引用的形参
     1>f:\dragonwork\code\server\dragon\launcher\ui\webuicontroler.h(331): warning C4100: “fEnable”: 未引用的形参
     1>f:\dragonwork\code\server\dragon\launcher\ui\webuicontroler.h(336): warning C4100: “fActivate”: 未引用的形参
     1>f:\dragonwork\code\server\dragon\launcher\ui\webuicontroler.h(341): warning C4100: “fActivate”: 未引用的形参
     1>f:\dragonwork\code\server\dragon\launcher\ui\webuicontroler.h(347): warning C4100: “fRameWindow”: 未引用的形参
     1>f:\dragonwork\code\server\dragon\launcher\ui\webuicontroler.h(346): warning C4100: “pUIWindow”: 未引用的形参
     1>f:\dragonwork\code\server\dragon\launcher\ui\webuicontroler.h(346): warning C4100: “prcBorder”: 未引用的形参
     1>f:\dragonwork\code\server\dragon\launcher\ui\webuicontroler.h(353): warning C4100: “nCmdID”: 未引用的形参
     1>f:\dragonwork\code\server\dragon\launcher\ui\webuicontroler.h(352): warning C4100: “pguidCmdGroup”: 未引用的形参
     1>f:\dragonwork\code\server\dragon\launcher\ui\webuicontroler.h(352): warning C4100: “lpMsg”: 未引用的形参
     1>f:\dragonwork\code\server\dragon\launcher\ui\webuicontroler.h(358): warning C4100: “dw”: 未引用的形参
     1>f:\dragonwork\code\server\dragon\launcher\ui\webuicontroler.h(358): warning C4100: “pchKey”: 未引用的形参
     1>f:\dragonwork\code\server\dragon\launcher\ui\webuicontroler.h(364): warning C4100: “ppDropTarget”: 未引用的形参
     1>f:\dragonwork\code\server\dragon\launcher\ui\webuicontroler.h(363): warning C4100: “pDropTarget”: 未引用的形参
     1>f:\dragonwork\code\server\dragon\launcher\ui\webuicontroler.h(386): warning C4100: “ppchURLOut”: 未引用的形参
     1>f:\dragonwork\code\server\dragon\launcher\ui\webuicontroler.h(385): warning C4100: “pchURLIn”: 未引用的形参
     1>f:\dragonwork\code\server\dragon\launcher\ui\webuicontroler.h(385): warning C4100: “dwTranslate”: 未引用的形参
     1>f:\dragonwork\code\server\dragon\launcher\ui\webuicontroler.h(391): warning C4100: “ppDORet”: 未引用的形参
     1>f:\dragonwork\code\server\dragon\launcher\ui\webuicontroler.h(391): warning C4100: “pDO”: 未引用的形参
     1>f:\dragonwork\code\server\dragon\launcher\gamedialog.h(112): warning C4996: 'strcpy': This function or variable may be unsafe. Consider using strcpy_s instead. To disable deprecation, use _CRT_SECURE_NO_WARNINGS. See online help for details.
                 c:\program files (x86)\microsoft visual studio 10.0\vc\include\string.h(105) : 参见“strcpy”的声明
     1>f:\dragonwork\code\server\dragon\launcher\gamedlg.cpp(142): warning C4100: “URL”: 未引用的形参
     1>f:\dragonwork\code\server\dragon\launcher\gamedlg.cpp(142): warning C4100: “lpDispatch”: 未引用的形参
     1>f:\dragonwork\code\server\dragon\launcher\gamedlg.cpp(207): warning C4100: “pDispParams”: 未引用的形参
     1>f:\dragonwork\code\server\dragon\launcher\gamedlg.cpp(267): warning C4996: 'sprintf': This function or variable may be unsafe. Consider using sprintf_s instead. To disable deprecation, use _CRT_SECURE_NO_WARNINGS. See online help for details.
                 c:\program files (x86)\microsoft visual studio 10.0\vc\include\stdio.h(371) : 参见“sprintf”的声明
     1>f:\dragonwork\code\server\dragon\launcher\gamedlg.cpp(269): warning C4996: 'strncpy': This function or variable may be unsafe. Consider using strncpy_s instead. To disable deprecation, use _CRT_SECURE_NO_WARNINGS. See online help for details.
                 c:\program files (x86)\microsoft visual studio 10.0\vc\include\string.h(188) : 参见“strncpy”的声明
     1>f:\dragonwork\code\server\dragon\launcher\gamedlg.cpp(497): warning C4996: 'sprintf': This function or variable may be unsafe. Consider using sprintf_s instead. To disable deprecation, use _CRT_SECURE_NO_WARNINGS. See online help for details.
                 c:\program files (x86)\microsoft visual studio 10.0\vc\include\stdio.h(371) : 参见“sprintf”的声明
     1>f:\dragonwork\code\server\dragon\launcher\gamedlg.cpp(502): warning C4996: '_vsnprintf': This function or variable may be unsafe. Consider using _vsnprintf_s instead. To disable deprecation, use _CRT_SECURE_NO_WARNINGS. See online help for details.
                 c:\program files (x86)\microsoft visual studio 10.0\vc\include\stdio.h(363) : 参见“_vsnprintf”的声明
     1>f:\dragonwork\code\server\dragon\launcher\gamedlg.cpp(503): warning C4996: 'strcat': This function or variable may be unsafe. Consider using strcat_s instead. To disable deprecation, use _CRT_SECURE_NO_WARNINGS. See online help for details.
                 c:\program files (x86)\microsoft visual studio 10.0\vc\include\string.h(110) : 参见“strcat”的声明
     1>f:\dragonwork\code\server\dragon\launcher\gamedlg.cpp(504): warning C4996: 'strcat': This function or variable may be unsafe. Consider using strcat_s instead. To disable deprecation, use _CRT_SECURE_NO_WARNINGS. See online help for details.
                 c:\program files (x86)\microsoft visual studio 10.0\vc\include\string.h(110) : 参见“strcat”的声明
     1>f:\dragonwork\code\server\dragon\launcher\gamedlg.cpp(553): warning C4189: “hmenu”: 局部变量已初始化但不引用
     1>f:\dragonwork\code\server\dragon\launcher\gamedlg.cpp(616): warning C4018: “<”: 有符号/无符号不匹配
     1>f:\dragonwork\code\server\dragon\launcher\gamedlg.cpp(629): warning C4018: “<”: 有符号/无符号不匹配
     1>f:\dragonwork\code\server\dragon\launcher\gamedlg.cpp(706): warning C4100: “lcid”: 未引用的形参
     1>f:\dragonwork\code\server\dragon\launcher\gamedlg.cpp(705): warning C4100: “cNames”: 未引用的形参
     1>f:\dragonwork\code\server\dragon\launcher\gamedlg.cpp(703): warning C4100: “riid”: 未引用的形参
     1>f:\dragonwork\code\server\dragon\launcher\gamedlg.cpp(733): warning C4100: “puArgErr”: 未引用的形参
     1>f:\dragonwork\code\server\dragon\launcher\gamedlg.cpp(731): warning C4100: “pExcepInfo”: 未引用的形参
     1>f:\dragonwork\code\server\dragon\launcher\gamedlg.cpp(730): warning C4100: “pVarResult”: 未引用的形参
     1>f:\dragonwork\code\server\dragon\launcher\gamedlg.cpp(728): warning C4100: “wFlags”: 未引用的形参
     1>f:\dragonwork\code\server\dragon\launcher\gamedlg.cpp(727): warning C4100: “lcid”: 未引用的形参
     1>f:\dragonwork\code\server\dragon\launcher\gamedlg.cpp(726): warning C4100: “riid”: 未引用的形参
     1>f:\dragonwork\code\server\dragon\launcher\gamedlg.cpp(776): warning C4018: “<”: 有符号/无符号不匹配
     1>f:\dragonwork\code\server\dragon\launcher\gamedlg.cpp(792): warning C4100: “pDC”: 未引用的形参
     1>f:\dragonwork\code\server\dragon\launcher\gamedlg.cpp(828): warning C4018: “<”: 有符号/无符号不匹配
     1>f:\dragonwork\code\server\dragon\launcher\gamedlg.cpp(861): warning C4018: “<”: 有符号/无符号不匹配
     1>f:\dragonwork\code\server\dragon\launcher\gamedlg.cpp(866): warning C4996: 'strcpy': This function or variable may be unsafe. Consider using strcpy_s instead. To disable deprecation, use _CRT_SECURE_NO_WARNINGS. See online help for details.
                 c:\program files (x86)\microsoft visual studio 10.0\vc\include\string.h(105) : 参见“strcpy”的声明
     1>f:\dragonwork\code\server\dragon\launcher\gamedlg.cpp(867): warning C4996: 'strcat': This function or variable may be unsafe. Consider using strcat_s instead. To disable deprecation, use _CRT_SECURE_NO_WARNINGS. See online help for details.
                 c:\program files (x86)\microsoft visual studio 10.0\vc\include\string.h(110) : 参见“strcat”的声明
     1>f:\dragonwork\code\server\dragon\launcher\gamedlg.cpp(880): warning C4189: “hmenu”: 局部变量已初始化但不引用
     1>f:\dragonwork\code\server\dragon\launcher\gamedlg.cpp(992): warning C4018: “<”: 有符号/无符号不匹配
     1>f:\dragonwork\code\server\dragon\launcher\gamedlg.cpp(999): warning C4018: “>=”: 有符号/无符号不匹配
     1>f:\dragonwork\code\server\dragon\launcher\gamedlg.cpp(1062): warning C4996: 'strncpy': This function or variable may be unsafe. Consider using strncpy_s instead. To disable deprecation, use _CRT_SECURE_NO_WARNINGS. See online help for details.
                 c:\program files (x86)\microsoft visual studio 10.0\vc\include\string.h(188) : 参见“strncpy”的声明
     1>f:\dragonwork\code\server\dragon\launcher\gamedlg.cpp(924): warning C4189: “gameButons”: 局部变量已初始化但不引用
     1>f:\dragonwork\code\server\dragon\launcher\gamedlg.cpp(998): warning C4189: “y”: 局部变量已初始化但不引用
     1>f:\dragonwork\code\server\dragon\launcher\gamedlg.cpp(1008): warning C4189: “nImageCount”: 局部变量已初始化但不引用
     1>f:\dragonwork\code\server\dragon\launcher\gamedlg.cpp(1299): warning C4189: “xp”: 局部变量已初始化但不引用
     1>f:\dragonwork\code\server\dragon\launcher\gamedlg.cpp(1347): warning C4018: “<”: 有符号/无符号不匹配
     1>f:\dragonwork\code\server\dragon\launcher\gamedlg.cpp(1376): warning C4018: “<”: 有符号/无符号不匹配
     1>f:\dragonwork\code\server\dragon\launcher\gamedlg.cpp(1436): warning C4189: “nWidth”: 局部变量已初始化但不引用
     1>f:\dragonwork\code\server\dragon\launcher\gamedlg.cpp(1437): warning C4189: “nHeight”: 局部变量已初始化但不引用
     1>f:\dragonwork\code\server\dragon\launcher\gamedlg.cpp(1468): warning C4100: “cy”: 未引用的形参
     1>f:\dragonwork\code\server\dragon\launcher\gamedlg.cpp(1468): warning C4100: “cx”: 未引用的形参
     1>f:\dragonwork\code\server\dragon\launcher\gamedlg.cpp(1468): warning C4100: “nType”: 未引用的形参
     1>f:\dragonwork\code\server\dragon\launcher\gamedlg.cpp(1481): warning C4100: “nType”: 未引用的形参
     1>f:\dragonwork\code\server\dragon\launcher\gamedlg.cpp(1578): warning C4018: “<”: 有符号/无符号不匹配
     1>f:\dragonwork\code\server\dragon\launcher\gamedlg.cpp(1720): warning C4100: “message”: 未引用的形参
     1>f:\dragonwork\code\server\dragon\launcher\gamedlg.cpp(1720): warning C4100: “hWnd”: 未引用的形参
     1>f:\dragonwork\code\server\dragon\launcher\gamedlg.cpp(1895): warning C4018: “<”: 有符号/无符号不匹配
         LaucherStandardDlg.cpp
     1>f:\dragonwork\code\server\dragon\launcher\ui\webbrowser.h(90): warning C4100: “pContext”: 未引用的形参
     1>f:\dragonwork\code\server\dragon\launcher\ui\webbrowser.h(86): warning C4100: “lpszClassName”: 未引用的形参
     1>f:\dragonwork\code\server\dragon\launcher\ui\webuicontroler.h(110): warning C4100: “pctinfo”: 未引用的形参
     1>f:\dragonwork\code\server\dragon\launcher\ui\webuicontroler.h(118): warning C4100: “ppTInfo”: 未引用的形参
     1>f:\dragonwork\code\server\dragon\launcher\ui\webuicontroler.h(117): warning C4100: “lcid”: 未引用的形参
     1>f:\dragonwork\code\server\dragon\launcher\ui\webuicontroler.h(116): warning C4100: “iTInfo”: 未引用的形参
     1>f:\dragonwork\code\server\dragon\launcher\ui\webuicontroler.h(129): warning C4100: “rgDispId”: 未引用的形参
     1>f:\dragonwork\code\server\dragon\launcher\ui\webuicontroler.h(127): warning C4100: “lcid”: 未引用的形参
     1>f:\dragonwork\code\server\dragon\launcher\ui\webuicontroler.h(126): warning C4100: “cNames”: 未引用的形参
     1>f:\dragonwork\code\server\dragon\launcher\ui\webuicontroler.h(125): warning C4100: “rgszNames”: 未引用的形参
     1>f:\dragonwork\code\server\dragon\launcher\ui\webuicontroler.h(124): warning C4100: “riid”: 未引用的形参
     1>f:\dragonwork\code\server\dragon\launcher\ui\webuicontroler.h(152): warning C4100: “puArgErr”: 未引用的形参
     1>f:\dragonwork\code\server\dragon\launcher\ui\webuicontroler.h(150): warning C4100: “pExcepInfo”: 未引用的形参
     1>f:\dragonwork\code\server\dragon\launcher\ui\webuicontroler.h(149): warning C4100: “pVarResult”: 未引用的形参
     1>f:\dragonwork\code\server\dragon\launcher\ui\webuicontroler.h(148): warning C4100: “pDispParams”: 未引用的形参
     1>f:\dragonwork\code\server\dragon\launcher\ui\webuicontroler.h(147): warning C4100: “wFlags”: 未引用的形参
     1>f:\dragonwork\code\server\dragon\launcher\ui\webuicontroler.h(146): warning C4100: “lcid”: 未引用的形参
     1>f:\dragonwork\code\server\dragon\launcher\ui\webuicontroler.h(145): warning C4100: “riid”: 未引用的形参
     1>f:\dragonwork\code\server\dragon\launcher\ui\webuicontroler.h(144): warning C4100: “dispIdMember”: 未引用的形参
     1>f:\dragonwork\code\server\dragon\launcher\ui\webuicontroler.h(242): warning C4100: “pctinfo”: 未引用的形参
     1>f:\dragonwork\code\server\dragon\launcher\ui\webuicontroler.h(247): warning C4100: “pptinfo”: 未引用的形参
     1>f:\dragonwork\code\server\dragon\launcher\ui\webuicontroler.h(247): warning C4100: “lcid”: 未引用的形参
     1>f:\dragonwork\code\server\dragon\launcher\ui\webuicontroler.h(247): warning C4100: “itinfo”: 未引用的形参
     1>f:\dragonwork\code\server\dragon\launcher\ui\webuicontroler.h(254): warning C4100: “rgDispId”: 未引用的形参
     1>f:\dragonwork\code\server\dragon\launcher\ui\webuicontroler.h(254): warning C4100: “lcid”: 未引用的形参
     1>f:\dragonwork\code\server\dragon\launcher\ui\webuicontroler.h(254): warning C4100: “cNames”: 未引用的形参
     1>f:\dragonwork\code\server\dragon\launcher\ui\webuicontroler.h(253): warning C4100: “rgszNames”: 未引用的形参
     1>f:\dragonwork\code\server\dragon\launcher\ui\webuicontroler.h(253): warning C4100: “riid”: 未引用的形参
     1>f:\dragonwork\code\server\dragon\launcher\ui\webuicontroler.h(261): warning C4100: “puArgErr”: 未引用的形参
     1>f:\dragonwork\code\server\dragon\launcher\ui\webuicontroler.h(261): warning C4100: “pexcepinfo”: 未引用的形参
     1>f:\dragonwork\code\server\dragon\launcher\ui\webuicontroler.h(260): warning C4100: “pvarResult”: 未引用的形参
     1>f:\dragonwork\code\server\dragon\launcher\ui\webuicontroler.h(259): warning C4100: “wFlags”: 未引用的形参
     1>f:\dragonwork\code\server\dragon\launcher\ui\webuicontroler.h(259): warning C4100: “lcid”: 未引用的形参
     1>f:\dragonwork\code\server\dragon\launcher\ui\webuicontroler.h(259): warning C4100: “riid”: 未引用的形参
     1>f:\dragonwork\code\server\dragon\launcher\ui\webuicontroler.h(296): warning C4100: “pdispReserved”: 未引用的形参
     1>f:\dragonwork\code\server\dragon\launcher\ui\webuicontroler.h(295): warning C4100: “pcmdtReserved”: 未引用的形参
     1>f:\dragonwork\code\server\dragon\launcher\ui\webuicontroler.h(295): warning C4100: “ppt”: 未引用的形参
     1>f:\dragonwork\code\server\dragon\launcher\ui\webuicontroler.h(295): warning C4100: “dwID”: 未引用的形参
     1>f:\dragonwork\code\server\dragon\launcher\ui\webuicontroler.h(316): warning C4100: “pDoc”: 未引用的形参
     1>f:\dragonwork\code\server\dragon\launcher\ui\webuicontroler.h(315): warning C4100: “pFrame”: 未引用的形参
     1>f:\dragonwork\code\server\dragon\launcher\ui\webuicontroler.h(314): warning C4100: “pCommandTarget”: 未引用的形参
     1>f:\dragonwork\code\server\dragon\launcher\ui\webuicontroler.h(313): warning C4100: “pActiveObject”: 未引用的形参
     1>f:\dragonwork\code\server\dragon\launcher\ui\webuicontroler.h(313): warning C4100: “dwID”: 未引用的形参
     1>f:\dragonwork\code\server\dragon\launcher\ui\webuicontroler.h(331): warning C4100: “fEnable”: 未引用的形参
     1>f:\dragonwork\code\server\dragon\launcher\ui\webuicontroler.h(336): warning C4100: “fActivate”: 未引用的形参
     1>f:\dragonwork\code\server\dragon\launcher\ui\webuicontroler.h(341): warning C4100: “fActivate”: 未引用的形参
     1>f:\dragonwork\code\server\dragon\launcher\ui\webuicontroler.h(347): warning C4100: “fRameWindow”: 未引用的形参
     1>f:\dragonwork\code\server\dragon\launcher\ui\webuicontroler.h(346): warning C4100: “pUIWindow”: 未引用的形参
     1>f:\dragonwork\code\server\dragon\launcher\ui\webuicontroler.h(346): warning C4100: “prcBorder”: 未引用的形参
     1>f:\dragonwork\code\server\dragon\launcher\ui\webuicontroler.h(353): warning C4100: “nCmdID”: 未引用的形参
     1>f:\dragonwork\code\server\dragon\launcher\ui\webuicontroler.h(352): warning C4100: “pguidCmdGroup”: 未引用的形参
     1>f:\dragonwork\code\server\dragon\launcher\ui\webuicontroler.h(352): warning C4100: “lpMsg”: 未引用的形参
     1>f:\dragonwork\code\server\dragon\launcher\ui\webuicontroler.h(358): warning C4100: “dw”: 未引用的形参
     1>f:\dragonwork\code\server\dragon\launcher\ui\webuicontroler.h(358): warning C4100: “pchKey”: 未引用的形参
     1>f:\dragonwork\code\server\dragon\launcher\ui\webuicontroler.h(364): warning C4100: “ppDropTarget”: 未引用的形参
     1>f:\dragonwork\code\server\dragon\launcher\ui\webuicontroler.h(363): warning C4100: “pDropTarget”: 未引用的形参
     1>f:\dragonwork\code\server\dragon\launcher\ui\webuicontroler.h(386): warning C4100: “ppchURLOut”: 未引用的形参
     1>f:\dragonwork\code\server\dragon\launcher\ui\webuicontroler.h(385): warning C4100: “pchURLIn”: 未引用的形参
     1>f:\dragonwork\code\server\dragon\launcher\ui\webuicontroler.h(385): warning C4100: “dwTranslate”: 未引用的形参
     1>f:\dragonwork\code\server\dragon\launcher\ui\webuicontroler.h(391): warning C4100: “ppDORet”: 未引用的形参
     1>f:\dragonwork\code\server\dragon\launcher\ui\webuicontroler.h(391): warning C4100: “pDO”: 未引用的形参
     1>f:\dragonwork\code\server\dragon\launcher\ui\webbrowser2.h(30): warning C4100: “pContext”: 未引用的形参
     1>f:\dragonwork\code\server\dragon\launcher\ui\webbrowser2.h(26): warning C4100: “lpszClassName”: 未引用的形参
     1>f:\dragonwork\code\server\dragon\launcher\gamedialog.h(112): warning C4996: 'strcpy': This function or variable may be unsafe. Consider using strcpy_s instead. To disable deprecation, use _CRT_SECURE_NO_WARNINGS. See online help for details.
                 c:\program files (x86)\microsoft visual studio 10.0\vc\include\string.h(105) : 参见“strcpy”的声明
     1>f:\dragonwork\code\server\dragon\launcher\laucherstandarddlg.cpp(41): warning C4018: “<”: 有符号/无符号不匹配
     1>f:\dragonwork\code\server\dragon\launcher\laucherstandarddlg.cpp(51): warning C4018: “<”: 有符号/无符号不匹配
     1>f:\dragonwork\code\server\dragon\launcher\laucherstandarddlg.cpp(70): warning C4018: “<”: 有符号/无符号不匹配
     1>f:\dragonwork\code\server\dragon\launcher\laucherstandarddlg.cpp(78): warning C4018: “<”: 有符号/无符号不匹配
     1>f:\dragonwork\code\server\dragon\launcher\laucherstandarddlg.cpp(206): warning C4018: “<”: 有符号/无符号不匹配
     1>f:\dragonwork\code\server\dragon\launcher\laucherstandarddlg.cpp(220): warning C4996: 'sprintf': This function or variable may be unsafe. Consider using sprintf_s instead. To disable deprecation, use _CRT_SECURE_NO_WARNINGS. See online help for details.
                 c:\program files (x86)\microsoft visual studio 10.0\vc\include\stdio.h(371) : 参见“sprintf”的声明
     1>f:\dragonwork\code\server\dragon\launcher\laucherstandarddlg.cpp(232): warning C4996: 'sprintf': This function or variable may be unsafe. Consider using sprintf_s instead. To disable deprecation, use _CRT_SECURE_NO_WARNINGS. See online help for details.
                 c:\program files (x86)\microsoft visual studio 10.0\vc\include\stdio.h(371) : 参见“sprintf”的声明
     1>f:\dragonwork\code\server\dragon\launcher\laucherstandarddlg.cpp(290): warning C4018: “<”: 有符号/无符号不匹配
     1>f:\dragonwork\code\server\dragon\launcher\laucherstandarddlg.cpp(284): warning C4100: “URL”: 未引用的形参
     1>f:\dragonwork\code\server\dragon\launcher\laucherstandarddlg.cpp(284): warning C4100: “lpDispatch”: 未引用的形参
     1>f:\dragonwork\code\server\dragon\launcher\laucherstandarddlg.cpp(314): warning C4996: 'strcpy': This function or variable may be unsafe. Consider using strcpy_s instead. To disable deprecation, use _CRT_SECURE_NO_WARNINGS. See online help for details.
                 c:\program files (x86)\microsoft visual studio 10.0\vc\include\string.h(105) : 参见“strcpy”的声明
     1>f:\dragonwork\code\server\dragon\launcher\laucherstandarddlg.cpp(344): warning C4389: “==”: 有符号/无符号不匹配
     1>f:\dragonwork\code\server\dragon\launcher\laucherstandarddlg.cpp(346): warning C4996: 'strcpy': This function or variable may be unsafe. Consider using strcpy_s instead. To disable deprecation, use _CRT_SECURE_NO_WARNINGS. See online help for details.
                 c:\program files (x86)\microsoft visual studio 10.0\vc\include\string.h(105) : 参见“strcpy”的声明
     1>f:\dragonwork\code\server\dragon\launcher\laucherstandarddlg.cpp(304): warning C4100: “Cancel”: 未引用的形参
     1>f:\dragonwork\code\server\dragon\launcher\laucherstandarddlg.cpp(304): warning C4100: “Headers”: 未引用的形参
     1>f:\dragonwork\code\server\dragon\launcher\laucherstandarddlg.cpp(304): warning C4100: “PostData”: 未引用的形参
     1>f:\dragonwork\code\server\dragon\launcher\laucherstandarddlg.cpp(303): warning C4100: “TargetFrameName”: 未引用的形参
     1>f:\dragonwork\code\server\dragon\launcher\laucherstandarddlg.cpp(303): warning C4100: “Flags”: 未引用的形参
     1>f:\dragonwork\code\server\dragon\launcher\laucherstandarddlg.cpp(302): warning C4100: “pDisp”: 未引用的形参
         LaucherTranslucentDlg.cpp
     1>f:\dragonwork\code\server\dragon\launcher\ui\webbrowser.h(90): warning C4100: “pContext”: 未引用的形参
     1>f:\dragonwork\code\server\dragon\launcher\ui\webbrowser.h(86): warning C4100: “lpszClassName”: 未引用的形参
     1>f:\dragonwork\code\server\dragon\launcher\ui\webuicontroler.h(110): warning C4100: “pctinfo”: 未引用的形参
     1>f:\dragonwork\code\server\dragon\launcher\ui\webuicontroler.h(118): warning C4100: “ppTInfo”: 未引用的形参
     1>f:\dragonwork\code\server\dragon\launcher\ui\webuicontroler.h(117): warning C4100: “lcid”: 未引用的形参
     1>f:\dragonwork\code\server\dragon\launcher\ui\webuicontroler.h(116): warning C4100: “iTInfo”: 未引用的形参
     1>f:\dragonwork\code\server\dragon\launcher\ui\webuicontroler.h(129): warning C4100: “rgDispId”: 未引用的形参
     1>f:\dragonwork\code\server\dragon\launcher\ui\webuicontroler.h(127): warning C4100: “lcid”: 未引用的形参
     1>f:\dragonwork\code\server\dragon\launcher\ui\webuicontroler.h(126): warning C4100: “cNames”: 未引用的形参
     1>f:\dragonwork\code\server\dragon\launcher\ui\webuicontroler.h(125): warning C4100: “rgszNames”: 未引用的形参
     1>f:\dragonwork\code\server\dragon\launcher\ui\webuicontroler.h(124): warning C4100: “riid”: 未引用的形参
     1>f:\dragonwork\code\server\dragon\launcher\ui\webuicontroler.h(152): warning C4100: “puArgErr”: 未引用的形参
     1>f:\dragonwork\code\server\dragon\launcher\ui\webuicontroler.h(150): warning C4100: “pExcepInfo”: 未引用的形参
     1>f:\dragonwork\code\server\dragon\launcher\ui\webuicontroler.h(149): warning C4100: “pVarResult”: 未引用的形参
     1>f:\dragonwork\code\server\dragon\launcher\ui\webuicontroler.h(148): warning C4100: “pDispParams”: 未引用的形参
     1>f:\dragonwork\code\server\dragon\launcher\ui\webuicontroler.h(147): warning C4100: “wFlags”: 未引用的形参
     1>f:\dragonwork\code\server\dragon\launcher\ui\webuicontroler.h(146): warning C4100: “lcid”: 未引用的形参
     1>f:\dragonwork\code\server\dragon\launcher\ui\webuicontroler.h(145): warning C4100: “riid”: 未引用的形参
     1>f:\dragonwork\code\server\dragon\launcher\ui\webuicontroler.h(144): warning C4100: “dispIdMember”: 未引用的形参
     1>f:\dragonwork\code\server\dragon\launcher\ui\webuicontroler.h(242): warning C4100: “pctinfo”: 未引用的形参
     1>f:\dragonwork\code\server\dragon\launcher\ui\webuicontroler.h(247): warning C4100: “pptinfo”: 未引用的形参
     1>f:\dragonwork\code\server\dragon\launcher\ui\webuicontroler.h(247): warning C4100: “lcid”: 未引用的形参
     1>f:\dragonwork\code\server\dragon\launcher\ui\webuicontroler.h(247): warning C4100: “itinfo”: 未引用的形参
     1>f:\dragonwork\code\server\dragon\launcher\ui\webuicontroler.h(254): warning C4100: “rgDispId”: 未引用的形参
     1>f:\dragonwork\code\server\dragon\launcher\ui\webuicontroler.h(254): warning C4100: “lcid”: 未引用的形参
     1>f:\dragonwork\code\server\dragon\launcher\ui\webuicontroler.h(254): warning C4100: “cNames”: 未引用的形参
     1>f:\dragonwork\code\server\dragon\launcher\ui\webuicontroler.h(253): warning C4100: “rgszNames”: 未引用的形参
     1>f:\dragonwork\code\server\dragon\launcher\ui\webuicontroler.h(253): warning C4100: “riid”: 未引用的形参
     1>f:\dragonwork\code\server\dragon\launcher\ui\webuicontroler.h(261): warning C4100: “puArgErr”: 未引用的形参
     1>f:\dragonwork\code\server\dragon\launcher\ui\webuicontroler.h(261): warning C4100: “pexcepinfo”: 未引用的形参
     1>f:\dragonwork\code\server\dragon\launcher\ui\webuicontroler.h(260): warning C4100: “pvarResult”: 未引用的形参
     1>f:\dragonwork\code\server\dragon\launcher\ui\webuicontroler.h(259): warning C4100: “wFlags”: 未引用的形参
     1>f:\dragonwork\code\server\dragon\launcher\ui\webuicontroler.h(259): warning C4100: “lcid”: 未引用的形参
     1>f:\dragonwork\code\server\dragon\launcher\ui\webuicontroler.h(259): warning C4100: “riid”: 未引用的形参
     1>f:\dragonwork\code\server\dragon\launcher\ui\webuicontroler.h(296): warning C4100: “pdispReserved”: 未引用的形参
     1>f:\dragonwork\code\server\dragon\launcher\ui\webuicontroler.h(295): warning C4100: “pcmdtReserved”: 未引用的形参
     1>f:\dragonwork\code\server\dragon\launcher\ui\webuicontroler.h(295): warning C4100: “ppt”: 未引用的形参
     1>f:\dragonwork\code\server\dragon\launcher\ui\webuicontroler.h(295): warning C4100: “dwID”: 未引用的形参
     1>f:\dragonwork\code\server\dragon\launcher\ui\webuicontroler.h(316): warning C4100: “pDoc”: 未引用的形参
     1>f:\dragonwork\code\server\dragon\launcher\ui\webuicontroler.h(315): warning C4100: “pFrame”: 未引用的形参
     1>f:\dragonwork\code\server\dragon\launcher\ui\webuicontroler.h(314): warning C4100: “pCommandTarget”: 未引用的形参
     1>f:\dragonwork\code\server\dragon\launcher\ui\webuicontroler.h(313): warning C4100: “pActiveObject”: 未引用的形参
     1>f:\dragonwork\code\server\dragon\launcher\ui\webuicontroler.h(313): warning C4100: “dwID”: 未引用的形参
     1>f:\dragonwork\code\server\dragon\launcher\ui\webuicontroler.h(331): warning C4100: “fEnable”: 未引用的形参
     1>f:\dragonwork\code\server\dragon\launcher\ui\webuicontroler.h(336): warning C4100: “fActivate”: 未引用的形参
     1>f:\dragonwork\code\server\dragon\launcher\ui\webuicontroler.h(341): warning C4100: “fActivate”: 未引用的形参
     1>f:\dragonwork\code\server\dragon\launcher\ui\webuicontroler.h(347): warning C4100: “fRameWindow”: 未引用的形参
     1>f:\dragonwork\code\server\dragon\launcher\ui\webuicontroler.h(346): warning C4100: “pUIWindow”: 未引用的形参
     1>f:\dragonwork\code\server\dragon\launcher\ui\webuicontroler.h(346): warning C4100: “prcBorder”: 未引用的形参
     1>f:\dragonwork\code\server\dragon\launcher\ui\webuicontroler.h(353): warning C4100: “nCmdID”: 未引用的形参
     1>f:\dragonwork\code\server\dragon\launcher\ui\webuicontroler.h(352): warning C4100: “pguidCmdGroup”: 未引用的形参
     1>f:\dragonwork\code\server\dragon\launcher\ui\webuicontroler.h(352): warning C4100: “lpMsg”: 未引用的形参
     1>f:\dragonwork\code\server\dragon\launcher\ui\webuicontroler.h(358): warning C4100: “dw”: 未引用的形参
     1>f:\dragonwork\code\server\dragon\launcher\ui\webuicontroler.h(358): warning C4100: “pchKey”: 未引用的形参
     1>f:\dragonwork\code\server\dragon\launcher\ui\webuicontroler.h(364): warning C4100: “ppDropTarget”: 未引用的形参
     1>f:\dragonwork\code\server\dragon\launcher\ui\webuicontroler.h(363): warning C4100: “pDropTarget”: 未引用的形参
     1>f:\dragonwork\code\server\dragon\launcher\ui\webuicontroler.h(386): warning C4100: “ppchURLOut”: 未引用的形参
     1>f:\dragonwork\code\server\dragon\launcher\ui\webuicontroler.h(385): warning C4100: “pchURLIn”: 未引用的形参
     1>f:\dragonwork\code\server\dragon\launcher\ui\webuicontroler.h(385): warning C4100: “dwTranslate”: 未引用的形参
     1>f:\dragonwork\code\server\dragon\launcher\ui\webuicontroler.h(391): warning C4100: “ppDORet”: 未引用的形参
     1>f:\dragonwork\code\server\dragon\launcher\ui\webuicontroler.h(391): warning C4100: “pDO”: 未引用的形参
     1>f:\dragonwork\code\server\dragon\launcher\ui\webbrowser2.h(30): warning C4100: “pContext”: 未引用的形参
     1>f:\dragonwork\code\server\dragon\launcher\ui\webbrowser2.h(26): warning C4100: “lpszClassName”: 未引用的形参
         Launcher.cpp
     1>f:\dragonwork\code\server\dragon\launcher\ui\webbrowser.h(90): warning C4100: “pContext”: 未引用的形参
     1>f:\dragonwork\code\server\dragon\launcher\ui\webbrowser.h(86): warning C4100: “lpszClassName”: 未引用的形参
     1>f:\dragonwork\code\server\dragon\launcher\ui\webuicontroler.h(110): warning C4100: “pctinfo”: 未引用的形参
     1>f:\dragonwork\code\server\dragon\launcher\ui\webuicontroler.h(118): warning C4100: “ppTInfo”: 未引用的形参
     1>f:\dragonwork\code\server\dragon\launcher\ui\webuicontroler.h(117): warning C4100: “lcid”: 未引用的形参
     1>f:\dragonwork\code\server\dragon\launcher\ui\webuicontroler.h(116): warning C4100: “iTInfo”: 未引用的形参
     1>f:\dragonwork\code\server\dragon\launcher\ui\webuicontroler.h(129): warning C4100: “rgDispId”: 未引用的形参
     1>f:\dragonwork\code\server\dragon\launcher\ui\webuicontroler.h(127): warning C4100: “lcid”: 未引用的形参
     1>f:\dragonwork\code\server\dragon\launcher\ui\webuicontroler.h(126): warning C4100: “cNames”: 未引用的形参
     1>f:\dragonwork\code\server\dragon\launcher\ui\webuicontroler.h(125): warning C4100: “rgszNames”: 未引用的形参
     1>f:\dragonwork\code\server\dragon\launcher\ui\webuicontroler.h(124): warning C4100: “riid”: 未引用的形参
     1>f:\dragonwork\code\server\dragon\launcher\ui\webuicontroler.h(152): warning C4100: “puArgErr”: 未引用的形参
     1>f:\dragonwork\code\server\dragon\launcher\ui\webuicontroler.h(150): warning C4100: “pExcepInfo”: 未引用的形参
     1>f:\dragonwork\code\server\dragon\launcher\ui\webuicontroler.h(149): warning C4100: “pVarResult”: 未引用的形参
     1>f:\dragonwork\code\server\dragon\launcher\ui\webuicontroler.h(148): warning C4100: “pDispParams”: 未引用的形参
     1>f:\dragonwork\code\server\dragon\launcher\ui\webuicontroler.h(147): warning C4100: “wFlags”: 未引用的形参
     1>f:\dragonwork\code\server\dragon\launcher\ui\webuicontroler.h(146): warning C4100: “lcid”: 未引用的形参
     1>f:\dragonwork\code\server\dragon\launcher\ui\webuicontroler.h(145): warning C4100: “riid”: 未引用的形参
     1>f:\dragonwork\code\server\dragon\launcher\ui\webuicontroler.h(144): warning C4100: “dispIdMember”: 未引用的形参
     1>f:\dragonwork\code\server\dragon\launcher\ui\webuicontroler.h(242): warning C4100: “pctinfo”: 未引用的形参
     1>f:\dragonwork\code\server\dragon\launcher\ui\webuicontroler.h(247): warning C4100: “pptinfo”: 未引用的形参
     1>f:\dragonwork\code\server\dragon\launcher\ui\webuicontroler.h(247): warning C4100: “lcid”: 未引用的形参
     1>f:\dragonwork\code\server\dragon\launcher\ui\webuicontroler.h(247): warning C4100: “itinfo”: 未引用的形参
     1>f:\dragonwork\code\server\dragon\launcher\ui\webuicontroler.h(254): warning C4100: “rgDispId”: 未引用的形参
     1>f:\dragonwork\code\server\dragon\launcher\ui\webuicontroler.h(254): warning C4100: “lcid”: 未引用的形参
     1>f:\dragonwork\code\server\dragon\launcher\ui\webuicontroler.h(254): warning C4100: “cNames”: 未引用的形参
     1>f:\dragonwork\code\server\dragon\launcher\ui\webuicontroler.h(253): warning C4100: “rgszNames”: 未引用的形参
     1>f:\dragonwork\code\server\dragon\launcher\ui\webuicontroler.h(253): warning C4100: “riid”: 未引用的形参
     1>f:\dragonwork\code\server\dragon\launcher\ui\webuicontroler.h(261): warning C4100: “puArgErr”: 未引用的形参
     1>f:\dragonwork\code\server\dragon\launcher\ui\webuicontroler.h(261): warning C4100: “pexcepinfo”: 未引用的形参
     1>f:\dragonwork\code\server\dragon\launcher\ui\webuicontroler.h(260): warning C4100: “pvarResult”: 未引用的形参
     1>f:\dragonwork\code\server\dragon\launcher\ui\webuicontroler.h(259): warning C4100: “wFlags”: 未引用的形参
     1>f:\dragonwork\code\server\dragon\launcher\ui\webuicontroler.h(259): warning C4100: “lcid”: 未引用的形参
     1>f:\dragonwork\code\server\dragon\launcher\ui\webuicontroler.h(259): warning C4100: “riid”: 未引用的形参
     1>f:\dragonwork\code\server\dragon\launcher\ui\webuicontroler.h(296): warning C4100: “pdispReserved”: 未引用的形参
     1>f:\dragonwork\code\server\dragon\launcher\ui\webuicontroler.h(295): warning C4100: “pcmdtReserved”: 未引用的形参
     1>f:\dragonwork\code\server\dragon\launcher\ui\webuicontroler.h(295): warning C4100: “ppt”: 未引用的形参
     1>f:\dragonwork\code\server\dragon\launcher\ui\webuicontroler.h(295): warning C4100: “dwID”: 未引用的形参
     1>f:\dragonwork\code\server\dragon\launcher\ui\webuicontroler.h(316): warning C4100: “pDoc”: 未引用的形参
     1>f:\dragonwork\code\server\dragon\launcher\ui\webuicontroler.h(315): warning C4100: “pFrame”: 未引用的形参
     1>f:\dragonwork\code\server\dragon\launcher\ui\webuicontroler.h(314): warning C4100: “pCommandTarget”: 未引用的形参
     1>f:\dragonwork\code\server\dragon\launcher\ui\webuicontroler.h(313): warning C4100: “pActiveObject”: 未引用的形参
     1>f:\dragonwork\code\server\dragon\launcher\ui\webuicontroler.h(313): warning C4100: “dwID”: 未引用的形参
     1>f:\dragonwork\code\server\dragon\launcher\ui\webuicontroler.h(331): warning C4100: “fEnable”: 未引用的形参
     1>f:\dragonwork\code\server\dragon\launcher\ui\webuicontroler.h(336): warning C4100: “fActivate”: 未引用的形参
     1>f:\dragonwork\code\server\dragon\launcher\ui\webuicontroler.h(341): warning C4100: “fActivate”: 未引用的形参
     1>f:\dragonwork\code\server\dragon\launcher\ui\webuicontroler.h(347): warning C4100: “fRameWindow”: 未引用的形参
     1>f:\dragonwork\code\server\dragon\launcher\ui\webuicontroler.h(346): warning C4100: “pUIWindow”: 未引用的形参
     1>f:\dragonwork\code\server\dragon\launcher\ui\webuicontroler.h(346): warning C4100: “prcBorder”: 未引用的形参
     1>f:\dragonwork\code\server\dragon\launcher\ui\webuicontroler.h(353): warning C4100: “nCmdID”: 未引用的形参
     1>f:\dragonwork\code\server\dragon\launcher\ui\webuicontroler.h(352): warning C4100: “pguidCmdGroup”: 未引用的形参
     1>f:\dragonwork\code\server\dragon\launcher\ui\webuicontroler.h(352): warning C4100: “lpMsg”: 未引用的形参
     1>f:\dragonwork\code\server\dragon\launcher\ui\webuicontroler.h(358): warning C4100: “dw”: 未引用的形参
     1>f:\dragonwork\code\server\dragon\launcher\ui\webuicontroler.h(358): warning C4100: “pchKey”: 未引用的形参
     1>f:\dragonwork\code\server\dragon\launcher\ui\webuicontroler.h(364): warning C4100: “ppDropTarget”: 未引用的形参
     1>f:\dragonwork\code\server\dragon\launcher\ui\webuicontroler.h(363): warning C4100: “pDropTarget”: 未引用的形参
     1>f:\dragonwork\code\server\dragon\launcher\ui\webuicontroler.h(386): warning C4100: “ppchURLOut”: 未引用的形参
     1>f:\dragonwork\code\server\dragon\launcher\ui\webuicontroler.h(385): warning C4100: “pchURLIn”: 未引用的形参
     1>f:\dragonwork\code\server\dragon\launcher\ui\webuicontroler.h(385): warning C4100: “dwTranslate”: 未引用的形参
     1>f:\dragonwork\code\server\dragon\launcher\ui\webuicontroler.h(391): warning C4100: “ppDORet”: 未引用的形参
     1>f:\dragonwork\code\server\dragon\launcher\ui\webuicontroler.h(391): warning C4100: “pDO”: 未引用的形参
     1>f:\dragonwork\code\server\dragon\launcher\gamedialog.h(112): warning C4996: 'strcpy': This function or variable may be unsafe. Consider using strcpy_s instead. To disable deprecation, use _CRT_SECURE_NO_WARNINGS. See online help for details.
                 c:\program files (x86)\microsoft visual studio 10.0\vc\include\string.h(105) : 参见“strcpy”的声明
     1>f:\dragonwork\code\server\dragon\launcher\launcher.cpp(35): warning C4005: “STRICT”: 宏重定义
                 c:\program files (x86)\microsoft visual studio 10.0\vc\atlmfc\include\afxv_w32.h(21) : 参见“STRICT”的前一个定义
     1>f:\dragonwork\code\server\dragon\launcher\launcher.cpp(153): warning C4996: 'strcpy': This function or variable may be unsafe. Consider using strcpy_s instead. To disable deprecation, use _CRT_SECURE_NO_WARNINGS. See online help for details.
                 c:\program files (x86)\microsoft visual studio 10.0\vc\include\string.h(105) : 参见“strcpy”的声明
     1>f:\dragonwork\code\server\dragon\launcher\launcher.cpp(155): warning C4996: 'strcat': This function or variable may be unsafe. Consider using strcat_s instead. To disable deprecation, use _CRT_SECURE_NO_WARNINGS. See online help for details.
                 c:\program files (x86)\microsoft visual studio 10.0\vc\include\string.h(110) : 参见“strcat”的声明
     1>f:\dragonwork\code\server\dragon\launcher\launcher.cpp(244): warning C4996: 'strcpy': This function or variable may be unsafe. Consider using strcpy_s instead. To disable deprecation, use _CRT_SECURE_NO_WARNINGS. See online help for details.
                 c:\program files (x86)\microsoft visual studio 10.0\vc\include\string.h(105) : 参见“strcpy”的声明
     1>f:\dragonwork\code\server\dragon\launcher\launcher.cpp(245): warning C4996: 'strcat': This function or variable may be unsafe. Consider using strcat_s instead. To disable deprecation, use _CRT_SECURE_NO_WARNINGS. See online help for details.
                 c:\program files (x86)\microsoft visual studio 10.0\vc\include\string.h(110) : 参见“strcat”的声明
     1>f:\dragonwork\code\server\dragon\launcher\launcher.cpp(246): warning C4996: 'strcat': This function or variable may be unsafe. Consider using strcat_s instead. To disable deprecation, use _CRT_SECURE_NO_WARNINGS. See online help for details.
                 c:\program files (x86)\microsoft visual studio 10.0\vc\include\string.h(110) : 参见“strcat”的声明
     1>f:\dragonwork\code\server\dragon\launcher\launcher.cpp(248): warning C4996: 'access': The POSIX name for this item is deprecated. Instead, use the ISO C++ conformant name: _access. See online help for details.
                 c:\program files (x86)\microsoft visual studio 10.0\vc\include\io.h(299) : 参见“access”的声明
     1>f:\dragonwork\code\server\dragon\launcher\launcher.cpp(253): warning C4996: 'strcpy': This function or variable may be unsafe. Consider using strcpy_s instead. To disable deprecation, use _CRT_SECURE_NO_WARNINGS. See online help for details.
                 c:\program files (x86)\microsoft visual studio 10.0\vc\include\string.h(105) : 参见“strcpy”的声明
     1>f:\dragonwork\code\server\dragon\launcher\launcher.cpp(254): warning C4996: 'strcat': This function or variable may be unsafe. Consider using strcat_s instead. To disable deprecation, use _CRT_SECURE_NO_WARNINGS. See online help for details.
                 c:\program files (x86)\microsoft visual studio 10.0\vc\include\string.h(110) : 参见“strcat”的声明
     1>f:\dragonwork\code\server\dragon\launcher\launcher.cpp(255): warning C4996: 'strcat': This function or variable may be unsafe. Consider using strcat_s instead. To disable deprecation, use _CRT_SECURE_NO_WARNINGS. See online help for details.
                 c:\program files (x86)\microsoft visual studio 10.0\vc\include\string.h(110) : 参见“strcat”的声明
     1>f:\dragonwork\code\server\dragon\launcher\launcher.cpp(256): warning C4996: 'access': The POSIX name for this item is deprecated. Instead, use the ISO C++ conformant name: _access. See online help for details.
                 c:\program files (x86)\microsoft visual studio 10.0\vc\include\io.h(299) : 参见“access”的声明
     1>f:\dragonwork\code\server\dragon\launcher\launcher.cpp(305): warning C4996: 'strcat': This function or variable may be unsafe. Consider using strcat_s instead. To disable deprecation, use _CRT_SECURE_NO_WARNINGS. See online help for details.
                 c:\program files (x86)\microsoft visual studio 10.0\vc\include\string.h(110) : 参见“strcat”的声明
     1>f:\dragonwork\code\server\dragon\launcher\launcher.cpp(306): warning C4996: 'strcat': This function or variable may be unsafe. Consider using strcat_s instead. To disable deprecation, use _CRT_SECURE_NO_WARNINGS. See online help for details.
                 c:\program files (x86)\microsoft visual studio 10.0\vc\include\string.h(110) : 参见“strcat”的声明
     1>f:\dragonwork\code\server\dragon\launcher\launcher.cpp(307): warning C4996: 'strcat': This function or variable may be unsafe. Consider using strcat_s instead. To disable deprecation, use _CRT_SECURE_NO_WARNINGS. See online help for details.
                 c:\program files (x86)\microsoft visual studio 10.0\vc\include\string.h(110) : 参见“strcat”的声明
         SkinDialog.cpp
     1>f:\dragonwork\code\server\dragon\launcher\ui\skindialog.cpp(96): warning C4244: “初始化”: 从“const int”转换到“BYTE”，可能丢失数据
     1>f:\dragonwork\code\server\dragon\launcher\ui\skindialog.cpp(97): warning C4244: “初始化”: 从“const int”转换到“BYTE”，可能丢失数据
     1>f:\dragonwork\code\server\dragon\launcher\ui\skindialog.cpp(98): warning C4244: “初始化”: 从“const int”转换到“BYTE”，可能丢失数据
     1>f:\dragonwork\code\server\dragon\launcher\ui\skindialog.cpp(287): warning C4189: “test”: 局部变量已初始化但不引用
     1>f:\dragonwork\code\server\dragon\launcher\ui\skindialog.cpp(333): warning C4100: “margin”: 未引用的形参
     1>f:\dragonwork\code\server\dragon\launcher\ui\skindialog.cpp(333): warning C4100: “border”: 未引用的形参
     1>f:\dragonwork\code\server\dragon\launcher\ui\skindialog.cpp(333): warning C4100: “drawmode”: 未引用的形参
     1>f:\dragonwork\code\server\dragon\launcher\ui\skindialog.cpp(332): warning C4100: “disabled”: 未引用的形参
     1>f:\dragonwork\code\server\dragon\launcher\ui\skindialog.cpp(631): warning C4100: “bmpMask”: 未引用的形参
         SkinProgress.cpp
         SkinProgressEx.cpp
     1>f:\dragonwork\code\server\dragon\launcher\ui\skinprogressex.cpp(46): warning C4100: “wParam”: 未引用的形参
     1>f:\dragonwork\code\server\dragon\launcher\ui\skinprogressex.cpp(65): warning C4100: “lParam”: 未引用的形参
     1>f:\dragonwork\code\server\dragon\launcher\ui\skinprogressex.cpp(65): warning C4100: “wParam”: 未引用的形参
     1>f:\dragonwork\code\server\dragon\launcher\ui\skinprogressex.cpp(71): warning C4100: “wParam”: 未引用的形参
         webbrowser.cpp
     1>f:\dragonwork\code\server\dragon\launcher\ui\webbrowser.h(90): warning C4100: “pContext”: 未引用的形参
     1>f:\dragonwork\code\server\dragon\launcher\ui\webbrowser.h(86): warning C4100: “lpszClassName”: 未引用的形参
         WebBrowserEx.cpp
     1>f:\dragonwork\code\server\dragon\launcher\ui\webbrowser.h(90): warning C4100: “pContext”: 未引用的形参
     1>f:\dragonwork\code\server\dragon\launcher\ui\webbrowser.h(86): warning C4100: “lpszClassName”: 未引用的形参
     1>f:\dragonwork\code\server\dragon\launcher\ui\webuicontroler.h(110): warning C4100: “pctinfo”: 未引用的形参
     1>f:\dragonwork\code\server\dragon\launcher\ui\webuicontroler.h(118): warning C4100: “ppTInfo”: 未引用的形参
     1>f:\dragonwork\code\server\dragon\launcher\ui\webuicontroler.h(117): warning C4100: “lcid”: 未引用的形参
     1>f:\dragonwork\code\server\dragon\launcher\ui\webuicontroler.h(116): warning C4100: “iTInfo”: 未引用的形参
     1>f:\dragonwork\code\server\dragon\launcher\ui\webuicontroler.h(129): warning C4100: “rgDispId”: 未引用的形参
     1>f:\dragonwork\code\server\dragon\launcher\ui\webuicontroler.h(127): warning C4100: “lcid”: 未引用的形参
     1>f:\dragonwork\code\server\dragon\launcher\ui\webuicontroler.h(126): warning C4100: “cNames”: 未引用的形参
     1>f:\dragonwork\code\server\dragon\launcher\ui\webuicontroler.h(125): warning C4100: “rgszNames”: 未引用的形参
     1>f:\dragonwork\code\server\dragon\launcher\ui\webuicontroler.h(124): warning C4100: “riid”: 未引用的形参
     1>f:\dragonwork\code\server\dragon\launcher\ui\webuicontroler.h(152): warning C4100: “puArgErr”: 未引用的形参
     1>f:\dragonwork\code\server\dragon\launcher\ui\webuicontroler.h(150): warning C4100: “pExcepInfo”: 未引用的形参
     1>f:\dragonwork\code\server\dragon\launcher\ui\webuicontroler.h(149): warning C4100: “pVarResult”: 未引用的形参
     1>f:\dragonwork\code\server\dragon\launcher\ui\webuicontroler.h(148): warning C4100: “pDispParams”: 未引用的形参
     1>f:\dragonwork\code\server\dragon\launcher\ui\webuicontroler.h(147): warning C4100: “wFlags”: 未引用的形参
     1>f:\dragonwork\code\server\dragon\launcher\ui\webuicontroler.h(146): warning C4100: “lcid”: 未引用的形参
     1>f:\dragonwork\code\server\dragon\launcher\ui\webuicontroler.h(145): warning C4100: “riid”: 未引用的形参
     1>f:\dragonwork\code\server\dragon\launcher\ui\webuicontroler.h(144): warning C4100: “dispIdMember”: 未引用的形参
     1>f:\dragonwork\code\server\dragon\launcher\ui\webuicontroler.h(242): warning C4100: “pctinfo”: 未引用的形参
     1>f:\dragonwork\code\server\dragon\launcher\ui\webuicontroler.h(247): warning C4100: “pptinfo”: 未引用的形参
     1>f:\dragonwork\code\server\dragon\launcher\ui\webuicontroler.h(247): warning C4100: “lcid”: 未引用的形参
     1>f:\dragonwork\code\server\dragon\launcher\ui\webuicontroler.h(247): warning C4100: “itinfo”: 未引用的形参
     1>f:\dragonwork\code\server\dragon\launcher\ui\webuicontroler.h(254): warning C4100: “rgDispId”: 未引用的形参
     1>f:\dragonwork\code\server\dragon\launcher\ui\webuicontroler.h(254): warning C4100: “lcid”: 未引用的形参
     1>f:\dragonwork\code\server\dragon\launcher\ui\webuicontroler.h(254): warning C4100: “cNames”: 未引用的形参
     1>f:\dragonwork\code\server\dragon\launcher\ui\webuicontroler.h(253): warning C4100: “rgszNames”: 未引用的形参
     1>f:\dragonwork\code\server\dragon\launcher\ui\webuicontroler.h(253): warning C4100: “riid”: 未引用的形参
     1>f:\dragonwork\code\server\dragon\launcher\ui\webuicontroler.h(261): warning C4100: “puArgErr”: 未引用的形参
     1>f:\dragonwork\code\server\dragon\launcher\ui\webuicontroler.h(261): warning C4100: “pexcepinfo”: 未引用的形参
     1>f:\dragonwork\code\server\dragon\launcher\ui\webuicontroler.h(260): warning C4100: “pvarResult”: 未引用的形参
     1>f:\dragonwork\code\server\dragon\launcher\ui\webuicontroler.h(259): warning C4100: “wFlags”: 未引用的形参
     1>f:\dragonwork\code\server\dragon\launcher\ui\webuicontroler.h(259): warning C4100: “lcid”: 未引用的形参
     1>f:\dragonwork\code\server\dragon\launcher\ui\webuicontroler.h(259): warning C4100: “riid”: 未引用的形参
     1>f:\dragonwork\code\server\dragon\launcher\ui\webuicontroler.h(296): warning C4100: “pdispReserved”: 未引用的形参
     1>f:\dragonwork\code\server\dragon\launcher\ui\webuicontroler.h(295): warning C4100: “pcmdtReserved”: 未引用的形参
     1>f:\dragonwork\code\server\dragon\launcher\ui\webuicontroler.h(295): warning C4100: “ppt”: 未引用的形参
     1>f:\dragonwork\code\server\dragon\launcher\ui\webuicontroler.h(295): warning C4100: “dwID”: 未引用的形参
     1>f:\dragonwork\code\server\dragon\launcher\ui\webuicontroler.h(316): warning C4100: “pDoc”: 未引用的形参
     1>f:\dragonwork\code\server\dragon\launcher\ui\webuicontroler.h(315): warning C4100: “pFrame”: 未引用的形参
     1>f:\dragonwork\code\server\dragon\launcher\ui\webuicontroler.h(314): warning C4100: “pCommandTarget”: 未引用的形参
     1>f:\dragonwork\code\server\dragon\launcher\ui\webuicontroler.h(313): warning C4100: “pActiveObject”: 未引用的形参
     1>f:\dragonwork\code\server\dragon\launcher\ui\webuicontroler.h(313): warning C4100: “dwID”: 未引用的形参
     1>f:\dragonwork\code\server\dragon\launcher\ui\webuicontroler.h(331): warning C4100: “fEnable”: 未引用的形参
     1>f:\dragonwork\code\server\dragon\launcher\ui\webuicontroler.h(336): warning C4100: “fActivate”: 未引用的形参
     1>f:\dragonwork\code\server\dragon\launcher\ui\webuicontroler.h(341): warning C4100: “fActivate”: 未引用的形参
     1>f:\dragonwork\code\server\dragon\launcher\ui\webuicontroler.h(347): warning C4100: “fRameWindow”: 未引用的形参
     1>f:\dragonwork\code\server\dragon\launcher\ui\webuicontroler.h(346): warning C4100: “pUIWindow”: 未引用的形参
     1>f:\dragonwork\code\server\dragon\launcher\ui\webuicontroler.h(346): warning C4100: “prcBorder”: 未引用的形参
     1>f:\dragonwork\code\server\dragon\launcher\ui\webuicontroler.h(353): warning C4100: “nCmdID”: 未引用的形参
     1>f:\dragonwork\code\server\dragon\launcher\ui\webuicontroler.h(352): warning C4100: “pguidCmdGroup”: 未引用的形参
     1>f:\dragonwork\code\server\dragon\launcher\ui\webuicontroler.h(352): warning C4100: “lpMsg”: 未引用的形参
     1>f:\dragonwork\code\server\dragon\launcher\ui\webuicontroler.h(358): warning C4100: “dw”: 未引用的形参
     1>f:\dragonwork\code\server\dragon\launcher\ui\webuicontroler.h(358): warning C4100: “pchKey”: 未引用的形参
     1>f:\dragonwork\code\server\dragon\launcher\ui\webuicontroler.h(364): warning C4100: “ppDropTarget”: 未引用的形参
     1>f:\dragonwork\code\server\dragon\launcher\ui\webuicontroler.h(363): warning C4100: “pDropTarget”: 未引用的形参
     1>f:\dragonwork\code\server\dragon\launcher\ui\webuicontroler.h(386): warning C4100: “ppchURLOut”: 未引用的形参
     1>f:\dragonwork\code\server\dragon\launcher\ui\webuicontroler.h(385): warning C4100: “pchURLIn”: 未引用的形参
     1>f:\dragonwork\code\server\dragon\launcher\ui\webuicontroler.h(385): warning C4100: “dwTranslate”: 未引用的形参
     1>f:\dragonwork\code\server\dragon\launcher\ui\webuicontroler.h(391): warning C4100: “ppDORet”: 未引用的形参
     1>f:\dragonwork\code\server\dragon\launcher\ui\webuicontroler.h(391): warning C4100: “pDO”: 未引用的形参
     1>f:\dragonwork\code\server\dragon\launcher\ui\webbrowserex.cpp(63): warning C4100: “pDC”: 未引用的形参
     1>f:\dragonwork\code\server\dragon\launcher\ui\webbrowserex.cpp(74): warning C4100: “pszFileName”: 未引用的形参
         xSkinButton.cpp
     1>f:\dragonwork\code\server\dragon\launcher\ui\xskinbutton.cpp(99): warning C4100: “pDC”: 未引用的形参
     1>f:\dragonwork\code\server\dragon\launcher\ui\xskinbutton.cpp(150): warning C4189: “cx”: 局部变量已初始化但不引用
     1>f:\dragonwork\code\server\dragon\launcher\ui\xskinbutton.cpp(151): warning C4189: “cy”: 局部变量已初始化但不引用
     1>f:\dragonwork\code\server\dragon\launcher\ui\xskinbutton.cpp(116): warning C4189: “pOldFont”: 局部变量已初始化但不引用
     1>f:\dragonwork\code\server\dragon\launcher\ui\xskinbutton.cpp(347): warning C4101: “hd”: 未引用的局部变量
     1>f:\dragonwork\code\server\dragon\launcher\ui\xskinbutton.cpp(819): warning C4100: “wparam”: 未引用的形参
     1>f:\dragonwork\code\server\dragon\launcher\ui\xskinbutton.cpp(884): warning C4100: “wparam”: 未引用的形参
         Downloader.cpp
         _WIN32_WINNT not defined. Defaulting to _WIN32_WINNT_MAXVER (see WinSDKVer.h)
     1>f:\dragonwork\code\server\dragon\launcher\update\downloader.cpp(202): warning C4996: 'strcpy': This function or variable may be unsafe. Consider using strcpy_s instead. To disable deprecation, use _CRT_SECURE_NO_WARNINGS. See online help for details.
                 c:\program files (x86)\microsoft visual studio 10.0\vc\include\string.h(105) : 参见“strcpy”的声明
     1>f:\dragonwork\code\server\dragon\launcher\update\downloader.cpp(305): warning C4996: 'access': The POSIX name for this item is deprecated. Instead, use the ISO C++ conformant name: _access. See online help for details.
                 c:\program files (x86)\microsoft visual studio 10.0\vc\include\io.h(299) : 参见“access”的声明
         Patch.cpp
     1>f:\dragonwork\code\server\dragon\launcher\update\patch.cpp(39): warning C4100: “pszFileUnzipping”: 未引用的形参
     1>f:\dragonwork\code\server\dragon\launcher\update\patch.cpp(38): warning C4100: “nFilesUnziped”: 未引用的形参
     1>f:\dragonwork\code\server\dragon\launcher\update\patch.cpp(68): warning C4100: “percent”: 未引用的形参
     1>f:\dragonwork\code\server\dragon\launcher\update\patch.cpp(92): warning C4996: 'strnicmp': The POSIX name for this item is deprecated. Instead, use the ISO C++ conformant name: _strnicmp. See online help for details.
                 c:\program files (x86)\microsoft visual studio 10.0\vc\include\string.h(248) : 参见“strnicmp”的声明
     1>f:\dragonwork\code\server\dragon\launcher\update\patch.cpp(94): warning C4996: 'strcpy': This function or variable may be unsafe. Consider using strcpy_s instead. To disable deprecation, use _CRT_SECURE_NO_WARNINGS. See online help for details.
                 c:\program files (x86)\microsoft visual studio 10.0\vc\include\string.h(105) : 参见“strcpy”的声明
     1>f:\dragonwork\code\server\dragon\launcher\update\patch.cpp(97): warning C4996: 'strcat': This function or variable may be unsafe. Consider using strcat_s instead. To disable deprecation, use _CRT_SECURE_NO_WARNINGS. See online help for details.
                 c:\program files (x86)\microsoft visual studio 10.0\vc\include\string.h(110) : 参见“strcat”的声明
     1>f:\dragonwork\code\server\dragon\launcher\update\patch.cpp(98): warning C4996: 'strcat': This function or variable may be unsafe. Consider using strcat_s instead. To disable deprecation, use _CRT_SECURE_NO_WARNINGS. See online help for details.
                 c:\program files (x86)\microsoft visual studio 10.0\vc\include\string.h(110) : 参见“strcat”的声明
     1>f:\dragonwork\code\server\dragon\launcher\update\patch.cpp(101): warning C4996: 'itoa': The POSIX name for this item is deprecated. Instead, use the ISO C++ conformant name: _itoa. See online help for details.
                 c:\program files (x86)\microsoft visual studio 10.0\vc\include\stdlib.h(867) : 参见“itoa”的声明
     1>f:\dragonwork\code\server\dragon\launcher\update\patch.cpp(102): warning C4996: 'strcat': This function or variable may be unsafe. Consider using strcat_s instead. To disable deprecation, use _CRT_SECURE_NO_WARNINGS. See online help for details.
                 c:\program files (x86)\microsoft visual studio 10.0\vc\include\string.h(110) : 参见“strcat”的声明
     1>f:\dragonwork\code\server\dragon\launcher\update\patch.cpp(103): warning C4996: 'strcat': This function or variable may be unsafe. Consider using strcat_s instead. To disable deprecation, use _CRT_SECURE_NO_WARNINGS. See online help for details.
                 c:\program files (x86)\microsoft visual studio 10.0\vc\include\string.h(110) : 参见“strcat”的声明
     1>f:\dragonwork\code\server\dragon\launcher\update\patch.cpp(117): warning C4996: 'access': The POSIX name for this item is deprecated. Instead, use the ISO C++ conformant name: _access. See online help for details.
                 c:\program files (x86)\microsoft visual studio 10.0\vc\include\io.h(299) : 参见“access”的声明
     1>f:\dragonwork\code\server\dragon\launcher\update\patch.cpp(192): warning C4996: 'strtok': This function or variable may be unsafe. Consider using strtok_s instead. To disable deprecation, use _CRT_SECURE_NO_WARNINGS. See online help for details.
                 c:\program files (x86)\microsoft visual studio 10.0\vc\include\string.h(197) : 参见“strtok”的声明
     1>f:\dragonwork\code\server\dragon\launcher\update\patch.cpp(203): warning C4996: 'strtok': This function or variable may be unsafe. Consider using strtok_s instead. To disable deprecation, use _CRT_SECURE_NO_WARNINGS. See online help for details.
                 c:\program files (x86)\microsoft visual studio 10.0\vc\include\string.h(197) : 参见“strtok”的声明
     1>f:\dragonwork\code\server\dragon\launcher\update\patch.cpp(235): warning C4996: 'itoa': The POSIX name for this item is deprecated. Instead, use the ISO C++ conformant name: _itoa. See online help for details.
                 c:\program files (x86)\microsoft visual studio 10.0\vc\include\stdlib.h(867) : 参见“itoa”的声明
     1>f:\dragonwork\code\server\dragon\launcher\update\patch.cpp(243): warning C4996: 'strcpy': This function or variable may be unsafe. Consider using strcpy_s instead. To disable deprecation, use _CRT_SECURE_NO_WARNINGS. See online help for details.
                 c:\program files (x86)\microsoft visual studio 10.0\vc\include\string.h(105) : 参见“strcpy”的声明
     1>f:\dragonwork\code\server\dragon\launcher\update\patch.cpp(244): warning C4996: 'strcat': This function or variable may be unsafe. Consider using strcat_s instead. To disable deprecation, use _CRT_SECURE_NO_WARNINGS. See online help for details.
                 c:\program files (x86)\microsoft visual studio 10.0\vc\include\string.h(110) : 参见“strcat”的声明
     1>f:\dragonwork\code\server\dragon\launcher\update\patch.cpp(245): warning C4996: 'strcat': This function or variable may be unsafe. Consider using strcat_s instead. To disable deprecation, use _CRT_SECURE_NO_WARNINGS. See online help for details.
                 c:\program files (x86)\microsoft visual studio 10.0\vc\include\string.h(110) : 参见“strcat”的声明
     1>f:\dragonwork\code\server\dragon\launcher\update\patch.cpp(246): warning C4996: 'strcat': This function or variable may be unsafe. Consider using strcat_s instead. To disable deprecation, use _CRT_SECURE_NO_WARNINGS. See online help for details.
                 c:\program files (x86)\microsoft visual studio 10.0\vc\include\string.h(110) : 参见“strcat”的声明
     1>f:\dragonwork\code\server\dragon\launcher\update\patch.cpp(262): warning C4996: 'fopen': This function or variable may be unsafe. Consider using fopen_s instead. To disable deprecation, use _CRT_SECURE_NO_WARNINGS. See online help for details.
                 c:\program files (x86)\microsoft visual studio 10.0\vc\include\stdio.h(234) : 参见“fopen”的声明
     1>f:\dragonwork\code\server\dragon\launcher\update\patch.cpp(276): warning C4018: “<”: 有符号/无符号不匹配
     1>f:\dragonwork\code\server\dragon\launcher\update\patch.cpp(295): warning C4996: 'strcpy': This function or variable may be unsafe. Consider using strcpy_s instead. To disable deprecation, use _CRT_SECURE_NO_WARNINGS. See online help for details.
                 c:\program files (x86)\microsoft visual studio 10.0\vc\include\string.h(105) : 参见“strcpy”的声明
     1>f:\dragonwork\code\server\dragon\launcher\update\patch.cpp(314): warning C4996: 'strcpy': This function or variable may be unsafe. Consider using strcpy_s instead. To disable deprecation, use _CRT_SECURE_NO_WARNINGS. See online help for details.
                 c:\program files (x86)\microsoft visual studio 10.0\vc\include\string.h(105) : 参见“strcpy”的声明
     1>f:\dragonwork\code\server\dragon\launcher\update\patch.cpp(315): warning C4996: 'strcat': This function or variable may be unsafe. Consider using strcat_s instead. To disable deprecation, use _CRT_SECURE_NO_WARNINGS. See online help for details.
                 c:\program files (x86)\microsoft visual studio 10.0\vc\include\string.h(110) : 参见“strcat”的声明
     1>f:\dragonwork\code\server\dragon\launcher\update\patch.cpp(316): warning C4996: 'strcat': This function or variable may be unsafe. Consider using strcat_s instead. To disable deprecation, use _CRT_SECURE_NO_WARNINGS. See online help for details.
                 c:\program files (x86)\microsoft visual studio 10.0\vc\include\string.h(110) : 参见“strcat”的声明
     1>f:\dragonwork\code\server\dragon\launcher\update\patch.cpp(317): warning C4996: 'strcat': This function or variable may be unsafe. Consider using strcat_s instead. To disable deprecation, use _CRT_SECURE_NO_WARNINGS. See online help for details.
                 c:\program files (x86)\microsoft visual studio 10.0\vc\include\string.h(110) : 参见“strcat”的声明
     1>f:\dragonwork\code\server\dragon\launcher\update\patch.cpp(339): warning C4996: 'strcpy': This function or variable may be unsafe. Consider using strcpy_s instead. To disable deprecation, use _CRT_SECURE_NO_WARNINGS. See online help for details.
                 c:\program files (x86)\microsoft visual studio 10.0\vc\include\string.h(105) : 参见“strcpy”的声明
     1>f:\dragonwork\code\server\dragon\launcher\update\patch.cpp(340): warning C4996: 'strcat': This function or variable may be unsafe. Consider using strcat_s instead. To disable deprecation, use _CRT_SECURE_NO_WARNINGS. See online help for details.
                 c:\program files (x86)\microsoft visual studio 10.0\vc\include\string.h(110) : 参见“strcat”的声明
     1>f:\dragonwork\code\server\dragon\launcher\update\patch.cpp(341): warning C4996: 'strcat': This function or variable may be unsafe. Consider using strcat_s instead. To disable deprecation, use _CRT_SECURE_NO_WARNINGS. See online help for details.
                 c:\program files (x86)\microsoft visual studio 10.0\vc\include\string.h(110) : 参见“strcat”的声明
     1>f:\dragonwork\code\server\dragon\launcher\update\patch.cpp(343): warning C4996: 'fopen': This function or variable may be unsafe. Consider using fopen_s instead. To disable deprecation, use _CRT_SECURE_NO_WARNINGS. See online help for details.
                 c:\program files (x86)\microsoft visual studio 10.0\vc\include\stdio.h(234) : 参见“fopen”的声明
     1>f:\dragonwork\code\server\dragon\launcher\update\patch.cpp(354): warning C4996: 'strcpy': This function or variable may be unsafe. Consider using strcpy_s instead. To disable deprecation, use _CRT_SECURE_NO_WARNINGS. See online help for details.
                 c:\program files (x86)\microsoft visual studio 10.0\vc\include\string.h(105) : 参见“strcpy”的声明
         PortScanner.cpp
     1>f:\dragonwork\code\server\dragon\launcher\update\portscanner.cpp(41): warning C4996: 'sprintf': This function or variable may be unsafe. Consider using sprintf_s instead. To disable deprecation, use _CRT_SECURE_NO_WARNINGS. See online help for details.
                 c:\program files (x86)\microsoft visual studio 10.0\vc\include\stdio.h(371) : 参见“sprintf”的声明
     1>f:\dragonwork\code\server\dragon\launcher\update\portscanner.cpp(73): warning C4244: “参数”: 从“int”转换到“u_short”，可能丢失数据
     1>f:\dragonwork\code\server\dragon\launcher\update\portscanner.cpp(74): warning C4189: “isOpen”: 局部变量已初始化但不引用
     1>f:\dragonwork\code\server\dragon\launcher\update\portscanner.cpp(125): warning C4127: 条件表达式是常量
     1>f:\dragonwork\code\server\dragon\launcher\update\portscanner.cpp(150): warning C4127: 条件表达式是常量
         XUnzip.cpp
     1>f:\dragonwork\code\server\dragon\launcher\util\xunzip.cpp(3373): warning C4996: 'strcpy': This function or variable may be unsafe. Consider using strcpy_s instead. To disable deprecation, use _CRT_SECURE_NO_WARNINGS. See online help for details.
                 c:\program files (x86)\microsoft visual studio 10.0\vc\include\string.h(105) : 参见“strcpy”的声明
     1>f:\dragonwork\code\server\dragon\launcher\util\xunzip.cpp(3815): warning C4996: 'gmtime': This function or variable may be unsafe. Consider using gmtime_s instead. To disable deprecation, use _CRT_SECURE_NO_WARNINGS. See online help for details.
                 c:\program files (x86)\microsoft visual studio 10.0\vc\include\time.inl(99) : 参见“gmtime”的声明
     1>f:\dragonwork\code\server\dragon\launcher\util\xunzip.cpp(3852): warning C4996: 'strcat': This function or variable may be unsafe. Consider using strcat_s instead. To disable deprecation, use _CRT_SECURE_NO_WARNINGS. See online help for details.
                 c:\program files (x86)\microsoft visual studio 10.0\vc\include\string.h(110) : 参见“strcat”的声明
     1>f:\dragonwork\code\server\dragon\launcher\util\xunzip.cpp(3909): warning C4996: 'strcpy': This function or variable may be unsafe. Consider using strcpy_s instead. To disable deprecation, use _CRT_SECURE_NO_WARNINGS. See online help for details.
                 c:\program files (x86)\microsoft visual studio 10.0\vc\include\string.h(105) : 参见“strcpy”的声明
     1>f:\dragonwork\code\server\dragon\launcher\util\xunzip.cpp(4011): warning C4996: '_tcsncpy': This function or variable may be unsafe. Consider using _tcsncpy_s instead. To disable deprecation, use _CRT_SECURE_NO_WARNINGS. See online help for details.
                 c:\program files (x86)\microsoft visual studio 10.0\vc\include\tchar.h(1516) : 参见“_tcsncpy”的声明
     1>f:\dragonwork\code\server\dragon\launcher\util\xunzip.cpp(4017): warning C4996: 'strcpy': This function or variable may be unsafe. Consider using strcpy_s instead. To disable deprecation, use _CRT_SECURE_NO_WARNINGS. See online help for details.
                 c:\program files (x86)\microsoft visual studio 10.0\vc\include\string.h(105) : 参见“strcpy”的声明
     1>f:\dragonwork\code\server\dragon\launcher\util\xunzip.cpp(4018): warning C4996: 'strcat': This function or variable may be unsafe. Consider using strcat_s instead. To disable deprecation, use _CRT_SECURE_NO_WARNINGS. See online help for details.
                 c:\program files (x86)\microsoft visual studio 10.0\vc\include\string.h(110) : 参见“strcat”的声明
     1>f:\dragonwork\code\server\dragon\launcher\util\xunzip.cpp(4029): warning C4996: 'strcpy': This function or variable may be unsafe. Consider using strcpy_s instead. To disable deprecation, use _CRT_SECURE_NO_WARNINGS. See online help for details.
                 c:\program files (x86)\microsoft visual studio 10.0\vc\include\string.h(105) : 参见“strcpy”的声明
     1>f:\dragonwork\code\server\dragon\launcher\util\xunzip.cpp(4033): warning C4996: '_strupr': This function or variable may be unsafe. Consider using _strupr_s instead. To disable deprecation, use _CRT_SECURE_NO_WARNINGS. See online help for details.
                 c:\program files (x86)\microsoft visual studio 10.0\vc\include\string.h(203) : 参见“_strupr”的声明
     1>f:\dragonwork\code\server\dragon\launcher\util\xunzip.cpp(4037): warning C4996: 'strtok': This function or variable may be unsafe. Consider using strtok_s instead. To disable deprecation, use _CRT_SECURE_NO_WARNINGS. See online help for details.
                 c:\program files (x86)\microsoft visual studio 10.0\vc\include\string.h(197) : 参见“strtok”的声明
     1>f:\dragonwork\code\server\dragon\launcher\util\xunzip.cpp(4042): warning C4996: 'strncpy': This function or variable may be unsafe. Consider using strncpy_s instead. To disable deprecation, use _CRT_SECURE_NO_WARNINGS. See online help for details.
                 c:\program files (x86)\microsoft visual studio 10.0\vc\include\string.h(188) : 参见“strncpy”的声明
     1>f:\dragonwork\code\server\dragon\launcher\util\xunzip.cpp(4043): warning C4996: 'strtok': This function or variable may be unsafe. Consider using strtok_s instead. To disable deprecation, use _CRT_SECURE_NO_WARNINGS. See online help for details.
                 c:\program files (x86)\microsoft visual studio 10.0\vc\include\string.h(197) : 参见“strtok”的声明
     1>f:\dragonwork\code\server\dragon\launcher\util\xunzip.cpp(4050): warning C4996: 'strcat': This function or variable may be unsafe. Consider using strcat_s instead. To disable deprecation, use _CRT_SECURE_NO_WARNINGS. See online help for details.
                 c:\program files (x86)\microsoft visual studio 10.0\vc\include\string.h(110) : 参见“strcat”的声明
     1>f:\dragonwork\code\server\dragon\launcher\util\xunzip.cpp(4051): warning C4996: 'strcat': This function or variable may be unsafe. Consider using strcat_s instead. To disable deprecation, use _CRT_SECURE_NO_WARNINGS. See online help for details.
                 c:\program files (x86)\microsoft visual studio 10.0\vc\include\string.h(110) : 参见“strcat”的声明
     1>f:\dragonwork\code\server\dragon\launcher\util\xunzip.cpp(4161): warning C4996: 'strcpy': This function or variable may be unsafe. Consider using strcpy_s instead. To disable deprecation, use _CRT_SECURE_NO_WARNINGS. See online help for details.
                 c:\program files (x86)\microsoft visual studio 10.0\vc\include\string.h(105) : 参见“strcpy”的声明
     1>f:\dragonwork\code\server\dragon\launcher\util\xunzip.cpp(4183): warning C4996: 'sprintf': This function or variable may be unsafe. Consider using sprintf_s instead. To disable deprecation, use _CRT_SECURE_NO_WARNINGS. See online help for details.
                 c:\program files (x86)\microsoft visual studio 10.0\vc\include\stdio.h(371) : 参见“sprintf”的声明
     1>f:\dragonwork\code\server\dragon\launcher\util\xunzip.cpp(4305): warning C4996: 'strncpy': This function or variable may be unsafe. Consider using strncpy_s instead. To disable deprecation, use _CRT_SECURE_NO_WARNINGS. See online help for details.
                 c:\program files (x86)\microsoft visual studio 10.0\vc\include\string.h(188) : 参见“strncpy”的声明
     1>f:\dragonwork\code\server\dragon\launcher\util\xunzip.cpp(4376): warning C4996: 'strcpy': This function or variable may be unsafe. Consider using strcpy_s instead. To disable deprecation, use _CRT_SECURE_NO_WARNINGS. See online help for details.
                 c:\program files (x86)\microsoft visual studio 10.0\vc\include\string.h(105) : 参见“strcpy”的声明
     1>f:\dragonwork\code\server\dragon\launcher\util\xunzip.cpp(4428): warning C4996: 'strcpy': This function or variable may be unsafe. Consider using strcpy_s instead. To disable deprecation, use _CRT_SECURE_NO_WARNINGS. See online help for details.
                 c:\program files (x86)\microsoft visual studio 10.0\vc\include\string.h(105) : 参见“strcpy”的声明
         正在生成代码...
       ResourceCompile:
         c:\Program Files (x86)\Microsoft SDKs\Windows\v7.0A\bin\rc.exe /D _DEBUG /l"0x0804" /I.\Debug\ /nologo /fo".\Debug\Launcher.res" Launcher.rc 
       Link:
         c:\Program Files (x86)\Microsoft Visual Studio 10.0\VC\bin\link.exe /ERRORREPORT:PROMPT /OUT:"..\..\..\..\asset\server\Launcher\Debug\Launcher.exe" /INCREMENTAL /NOLOGO /LIBPATH:./libs WinInet.lib /MANIFEST:NO /DEBUG /PDB:"F:\DragonWork\asset\server\Launcher\Debug\Launcher.pdb" /SUBSYSTEM:WINDOWS /TLBID:1 /DYNAMICBASE /NXCOMPAT /IMPLIB:"..\..\..\..\asset\server\Launcher\Debug\Launcher.lib" /MACHINE:X86 .\Debug\Launcher.res
         .\Debug\StandardDialog.obj
         .\Debug\TranslucentDialog.obj
         .\Debug\WebPage.obj
         .\Debug\FileMgr.obj
         .\Debug\GameDlg.obj
         .\Debug\LaucherStandardDlg.obj
         .\Debug\LaucherTranslucentDlg.obj
         .\Debug\Launcher.obj
         .\Debug\stdafx.obj
         .\Debug\SkinDialog.obj
         .\Debug\SkinProgress.obj
         .\Debug\SkinProgressEx.obj
         .\Debug\webbrowser.obj
         .\Debug\WebBrowserEx.obj
         .\Debug\xSkinButton.obj
         .\Debug\Downloader.obj
         .\Debug\Patch.obj
         .\Debug\PortScanner.obj
         .\Debug\XUnzip.obj /verbose:lib 
         
         正在搜索库
             正在搜索 c:\Program Files (x86)\Microsoft SDKs\Windows\v7.0A\lib\WinInet.lib:
             正在搜索 c:\Program Files (x86)\Microsoft Visual Studio 10.0\VC\atlmfc\lib\nafxcwd.lib:
             正在搜索 c:\Program Files (x86)\Microsoft Visual Studio 10.0\VC\lib\libcmtd.lib:
             正在搜索 c:\Program Files (x86)\Microsoft SDKs\Windows\v7.0A\lib\kernel32.lib:
             正在搜索 c:\Program Files (x86)\Microsoft SDKs\Windows\v7.0A\lib\user32.lib:
             正在搜索 c:\Program Files (x86)\Microsoft SDKs\Windows\v7.0A\lib\gdi32.lib:
             正在搜索 c:\Program Files (x86)\Microsoft SDKs\Windows\v7.0A\lib\msimg32.lib:
             正在搜索 c:\Program Files (x86)\Microsoft SDKs\Windows\v7.0A\lib\comdlg32.lib:
             正在搜索 c:\Program Files (x86)\Microsoft SDKs\Windows\v7.0A\lib\winspool.lib:
             正在搜索 c:\Program Files (x86)\Microsoft SDKs\Windows\v7.0A\lib\advapi32.lib:
             正在搜索 c:\Program Files (x86)\Microsoft SDKs\Windows\v7.0A\lib\shell32.lib:
             正在搜索 c:\Program Files (x86)\Microsoft SDKs\Windows\v7.0A\lib\comctl32.lib:
             正在搜索 c:\Program Files (x86)\Microsoft SDKs\Windows\v7.0A\lib\shlwapi.lib:
             正在搜索 c:\Program Files (x86)\Microsoft SDKs\Windows\v7.0A\lib\uuid.lib:
             正在搜索 c:\Program Files (x86)\Microsoft Visual Studio 10.0\VC\atlmfc\lib\atlsd.lib:
             正在搜索 c:\Program Files (x86)\Microsoft SDKs\Windows\v7.0A\lib\ole32.lib:
             正在搜索 c:\Program Files (x86)\Microsoft SDKs\Windows\v7.0A\lib\oleaut32.lib:
             正在搜索 c:\Program Files (x86)\Microsoft SDKs\Windows\v7.0A\lib\oledlg.lib:
             正在搜索 c:\Program Files (x86)\Microsoft SDKs\Windows\v7.0A\lib\urlmon.lib:
             正在搜索 c:\Program Files (x86)\Microsoft SDKs\Windows\v7.0A\lib\wsock32.lib:
             正在搜索 c:\Program Files (x86)\Microsoft Visual Studio 10.0\VC\lib\libcpmtd.lib:
             正在搜索 c:\Program Files (x86)\Microsoft SDKs\Windows\v7.0A\lib\gdiplus.lib:
             正在搜索 c:\Program Files (x86)\Microsoft Visual Studio 10.0\VC\lib\OLDNAMES.lib:
             正在搜索 c:\Program Files (x86)\Microsoft Visual Studio 10.0\VC\lib\comsuppwd.lib:
             正在搜索 c:\Program Files (x86)\Microsoft SDKs\Windows\v7.0A\lib\ws2_32.lib:
             正在搜索 c:\Program Files (x86)\Microsoft SDKs\Windows\v7.0A\lib\mswsock.lib:
             正在搜索 c:\Program Files (x86)\Microsoft SDKs\Windows\v7.0A\lib\oleacc.lib:
             正在搜索 c:\Program Files (x86)\Microsoft SDKs\Windows\v7.0A\lib\imm32.lib:
             正在搜索 c:\Program Files (x86)\Microsoft SDKs\Windows\v7.0A\lib\winmm.lib:
             正在搜索 c:\Program Files (x86)\Microsoft SDKs\Windows\v7.0A\lib\msxml2.lib:
             正在搜索 c:\Program Files (x86)\Microsoft SDKs\Windows\v7.0A\lib\WinInet.lib:
             正在搜索 c:\Program Files (x86)\Microsoft Visual Studio 10.0\VC\atlmfc\lib\nafxcwd.lib:
             正在搜索 c:\Program Files (x86)\Microsoft Visual Studio 10.0\VC\lib\libcmtd.lib:
             正在搜索 c:\Program Files (x86)\Microsoft SDKs\Windows\v7.0A\lib\kernel32.lib:
             正在搜索 c:\Program Files (x86)\Microsoft SDKs\Windows\v7.0A\lib\user32.lib:
             正在搜索 c:\Program Files (x86)\Microsoft SDKs\Windows\v7.0A\lib\gdi32.lib:
             正在搜索 c:\Program Files (x86)\Microsoft SDKs\Windows\v7.0A\lib\msimg32.lib:
             正在搜索 c:\Program Files (x86)\Microsoft SDKs\Windows\v7.0A\lib\comdlg32.lib:
             正在搜索 c:\Program Files (x86)\Microsoft SDKs\Windows\v7.0A\lib\winspool.lib:
             正在搜索 c:\Program Files (x86)\Microsoft SDKs\Windows\v7.0A\lib\advapi32.lib:
             正在搜索 c:\Program Files (x86)\Microsoft SDKs\Windows\v7.0A\lib\shell32.lib:
             正在搜索 c:\Program Files (x86)\Microsoft SDKs\Windows\v7.0A\lib\comctl32.lib:
             正在搜索 c:\Program Files (x86)\Microsoft SDKs\Windows\v7.0A\lib\shlwapi.lib:
             正在搜索 c:\Program Files (x86)\Microsoft SDKs\Windows\v7.0A\lib\uuid.lib:
             正在搜索 c:\Program Files (x86)\Microsoft Visual Studio 10.0\VC\atlmfc\lib\atlsd.lib:
             正在搜索 c:\Program Files (x86)\Microsoft SDKs\Windows\v7.0A\lib\ole32.lib:
             正在搜索 c:\Program Files (x86)\Microsoft SDKs\Windows\v7.0A\lib\oleaut32.lib:
             正在搜索 c:\Program Files (x86)\Microsoft SDKs\Windows\v7.0A\lib\oledlg.lib:
             正在搜索 c:\Program Files (x86)\Microsoft SDKs\Windows\v7.0A\lib\urlmon.lib:
             正在搜索 c:\Program Files (x86)\Microsoft SDKs\Windows\v7.0A\lib\wsock32.lib:
             正在搜索 c:\Program Files (x86)\Microsoft Visual Studio 10.0\VC\lib\libcpmtd.lib:
             正在搜索 c:\Program Files (x86)\Microsoft SDKs\Windows\v7.0A\lib\gdiplus.lib:
             正在搜索 c:\Program Files (x86)\Microsoft Visual Studio 10.0\VC\lib\OLDNAMES.lib:
             正在搜索 c:\Program Files (x86)\Microsoft Visual Studio 10.0\VC\lib\comsuppwd.lib:
             正在搜索 c:\Program Files (x86)\Microsoft SDKs\Windows\v7.0A\lib\ws2_32.lib:
             正在搜索 c:\Program Files (x86)\Microsoft SDKs\Windows\v7.0A\lib\mswsock.lib:
             正在搜索 c:\Program Files (x86)\Microsoft SDKs\Windows\v7.0A\lib\oleacc.lib:
             正在搜索 c:\Program Files (x86)\Microsoft SDKs\Windows\v7.0A\lib\imm32.lib:
             正在搜索 c:\Program Files (x86)\Microsoft SDKs\Windows\v7.0A\lib\winmm.lib:
             正在搜索 c:\Program Files (x86)\Microsoft SDKs\Windows\v7.0A\lib\msxml2.lib:
             正在搜索 c:\Program Files (x86)\Microsoft SDKs\Windows\v7.0A\lib\WinInet.lib:
         
         已完成库搜索
         Launcher.vcxproj -> F:\DragonWork\code\server\Dragon\launcher\..\..\..\..\asset\server\Launcher\Debug\Launcher.exe
       FinalizeBuildStatus:
         正在删除文件“.\Debug\Launcher.unsuccessfulbuild”。
         正在对“.\Debug\Launcher.lastbuildstate”执行 Touch 任务。
     1>已完成生成项目“F:\DragonWork\code\server\Dragon\launcher\Launcher.vcxproj”(rebuild 个目标)的操作。

生成成功。

已用时间 00:00:24.16
